mkmk  -u -g  PointCmd.m
2026/1/8 15:33:08

## start step: CIbuild   at 01/08/2026-15:33:08
## end   step: CIbuild   at 01/08/2026-15:33:08

## start step: DataUpdate   at 01/08/2026-15:33:08
# make:  TrainFramework\IdentityCard\Objects\win_b64\.mkdata.mk
## end   step: DataUpdate   at 01/08/2026-15:33:08

## start step: DataUpdate   at 01/08/2026-15:33:08
# make:  TrainFramework\PointCmd.m\Objects\win_b64\.mkdata.mk
## end   step: DataUpdate   at 01/08/2026-15:33:08

## start step: CIcompilation   at 01/08/2026-15:33:08
## end   step: CIcompilation   at 01/08/2026-15:33:08

## start step: headerlist   at 01/08/2026-15:33:08
## end   step: headerlist   at 01/08/2026-15:33:08

## start step: headermap   at 01/08/2026-15:33:08
## end   step: headermap   at 01/08/2026-15:33:08

## start step: fwgrammar   at 01/08/2026-15:33:08
## end   step: fwgrammar   at 01/08/2026-15:33:08

## start step: grammar1st   at 01/08/2026-15:33:08
## end   step: grammar1st   at 01/08/2026-15:33:08

## start step: headerlist   at 01/08/2026-15:33:08
## end   step: headerlist   at 01/08/2026-15:33:08

## start step: headermap   at 01/08/2026-15:33:08
## end   step: headermap   at 01/08/2026-15:33:08

## start step: grammar2nd   at 01/08/2026-15:33:08
## end   step: grammar2nd   at 01/08/2026-15:33:08

## start step: typelibgrammar   at 01/08/2026-15:33:08
## end   step: typelibgrammar   at 01/08/2026-15:33:08

## start step: headerlist   at 01/08/2026-15:33:08
## end   step: headerlist   at 01/08/2026-15:33:08

## start step: headermap   at 01/08/2026-15:33:08
## end   step: headermap   at 01/08/2026-15:33:08

## start step: headerruler   at 01/08/2026-15:33:08
## end   step: headerruler   at 01/08/2026-15:33:08

## start step: compilation   at 01/08/2026-15:33:08
# make:  TrainFramework\PointCmd.m\src\PointDlgCmd.cpp
PointDlgCmd.cpp
D:\Program Files\Dassault Systemes\B18\.\DialogEngine\PublicInterfaces\CATStateCommand.h(742) : warning C4819: 该文件包含不能在当前代码页(936)中表示的字符。请将该文件保存为 Unicode 格式以防止数据丢失
D:\CatiaWS\FeaG\TrainFramework\PointCmd.m\src\PointDlgCmd.cpp(508) : error C2664: “CATISketchEditor::OpenEdition”: 不能将参数 1 从“CATI2DWFFactory **”转换为“const int”
        没有使该转换得以执行的上下文
D:\CatiaWS\FeaG\TrainFramework\PointCmd.m\src\PointDlgCmd.cpp(515) : error C2660: “CATI2DWFFactory::CreatePoint”: 函数不接受 2 个参数
# make-ERROR: TrainFramework\PointCmd.m\src\PointDlgCmd.cpp
## end   step: compilation   at 01/08/2026-15:33:09

## start step: sourceruler   at 01/08/2026-15:33:09
## end   step: sourceruler   at 01/08/2026-15:33:09

## start step: link1st   at 01/08/2026-15:33:09
# syst-ERROR: D:\CatiaWS\FeaG\.\TrainFramework\PointCmd.m\Objects\win_b64\PointDlgCmd.obj: No such file or directory
# make: TrainFramework\PointCmd.m win_b64\code\lib\PointCmd.lib
# make-ERROR: win_b64\code\lib\PointCmd.lib
## end   step: link1st   at 01/08/2026-15:33:09

## start step: link2nd   at 01/08/2026-15:33:09
# make: TrainFramework\PointCmd.m win_b64\code\bin\PointCmd.dll
# syst-ERROR: D:\CatiaWS\FeaG\.\TrainFramework\PointCmd.m\Objects\win_b64\PointDlgCmd.obj: No such file or directory
# syst-ERROR: D:\CatiaWS\FeaG\.\win_b64\code\lib\PointCmd.exp: No such file or directory
# make-ERROR: win_b64\code\bin\PointCmd.dll
## end   step: link2nd   at 01/08/2026-15:33:09

## start step: dummynls   at 01/08/2026-15:33:09
## end   step: dummynls   at 01/08/2026-15:33:09
