mkmk  -u -g  PointCmd.m
2026/1/7 22:00:41

## start step: CIbuild   at 01/07/2026-22:00:41
## end   step: CIbuild   at 01/07/2026-22:00:41

## start step: DataUpdate   at 01/07/2026-22:00:41
# make:  TrainFramework\IdentityCard\Objects\win_b64\.mkdata.mk
## end   step: DataUpdate   at 01/07/2026-22:00:41

## start step: DataUpdate   at 01/07/2026-22:00:41
# make:  TrainFramework\PointCmd.m\Objects\win_b64\.mkdata.mk
## end   step: DataUpdate   at 01/07/2026-22:00:41

## start step: CIcompilation   at 01/07/2026-22:00:41
## end   step: CIcompilation   at 01/07/2026-22:00:41

## start step: headerlist   at 01/07/2026-22:00:41
## end   step: headerlist   at 01/07/2026-22:00:41

## start step: headermap   at 01/07/2026-22:00:41
## end   step: headermap   at 01/07/2026-22:00:41

## start step: fwgrammar   at 01/07/2026-22:00:41
## end   step: fwgrammar   at 01/07/2026-22:00:41

## start step: grammar1st   at 01/07/2026-22:00:41
## end   step: grammar1st   at 01/07/2026-22:00:41

## start step: headerlist   at 01/07/2026-22:00:41
## end   step: headerlist   at 01/07/2026-22:00:41

## start step: headermap   at 01/07/2026-22:00:41
## end   step: headermap   at 01/07/2026-22:00:41

## start step: grammar2nd   at 01/07/2026-22:00:41
## end   step: grammar2nd   at 01/07/2026-22:00:41

## start step: typelibgrammar   at 01/07/2026-22:00:41
## end   step: typelibgrammar   at 01/07/2026-22:00:41

## start step: headerlist   at 01/07/2026-22:00:41
## end   step: headerlist   at 01/07/2026-22:00:41

## start step: headermap   at 01/07/2026-22:00:41
## end   step: headermap   at 01/07/2026-22:00:41

## start step: headerruler   at 01/07/2026-22:00:41
## end   step: headerruler   at 01/07/2026-22:00:41

## start step: compilation   at 01/07/2026-22:00:41
# make:  TrainFramework\PointCmd.m\src\PointDlg.cpp
# make-ERROR: TrainFramework\PointCmd.m\src\PointDlg.cpp
PointDlg.cpp
D:\CatiaWS\FeaG\TrainFramework\PointCmd.m\src\PointDlg.cpp(61) : error C2065: “CATDlgFrameStyleNone”: 未声明的标识符
D:\CatiaWS\FeaG\TrainFramework\PointCmd.m\src\PointDlg.cpp(79) : error C2039: “GetSelectNotification”: 不是“CATDlgCombo”的成员
        D:\Program Files\Dassault Systemes\B18\.\Dialog\PublicInterfaces\CATDlgCombo.h(28) : 参见“CATDlgCombo”的声明
D:\CatiaWS\FeaG\TrainFramework\PointCmd.m\src\PointDlg.cpp(141) : error C3861: “RequestUpdate”: 找不到标识符
# make:  TrainFramework\PointCmd.m\src\PointDlgCmd.cpp
PointDlgCmd.cpp
D:\Program Files\Dassault Systemes\B18\.\DialogEngine\PublicInterfaces\CATStateCommand.h(742) : warning C4819: 该文件包含不能在当前代码页(936)中表示的字符。请将该文件保存为 Unicode 格式以防止数据丢失
## end   step: compilation   at 01/07/2026-22:00:42

## start step: sourceruler   at 01/07/2026-22:00:42
## end   step: sourceruler   at 01/07/2026-22:00:42

## start step: link1st   at 01/07/2026-22:00:42
# make: TrainFramework\PointCmd.m win_b64\code\lib\PointCmd.lib
# syst-ERROR: D:\CatiaWS\FeaG\.\TrainFramework\PointCmd.m\Objects\win_b64\PointDlg.obj: No such file or directory
# make-ERROR: win_b64\code\lib\PointCmd.lib
## end   step: link1st   at 01/07/2026-22:00:42

## start step: link2nd   at 01/07/2026-22:00:42
# make: TrainFramework\PointCmd.m win_b64\code\bin\PointCmd.dll
# syst-ERROR: D:\CatiaWS\FeaG\.\TrainFramework\PointCmd.m\Objects\win_b64\PointDlg.obj: No such file or directory
# syst-ERROR: D:\CatiaWS\FeaG\.\win_b64\code\lib\PointCmd.exp: No such file or directory
# make-ERROR: win_b64\code\bin\PointCmd.dll
## end   step: link2nd   at 01/07/2026-22:00:42

## start step: dummynls   at 01/07/2026-22:00:42
## end   step: dummynls   at 01/07/2026-22:00:42
