mkmk  -u -g  PointCmd.m
2026/1/9 19:13:42

## start step: CIbuild   at 01/09/2026-19:13:42
## end   step: CIbuild   at 01/09/2026-19:13:42

## start step: DataUpdate   at 01/09/2026-19:13:42
# make:  TrainFramework\IdentityCard\Objects\win_b64\.mkdata.mk
## end   step: DataUpdate   at 01/09/2026-19:13:42

## start step: DataUpdate   at 01/09/2026-19:13:42
# make:  TrainFramework\PointCmd.m\Objects\win_b64\.mkdata.mk
## end   step: DataUpdate   at 01/09/2026-19:13:42

## start step: CIcompilation   at 01/09/2026-19:13:42
## end   step: CIcompilation   at 01/09/2026-19:13:42

## start step: headerlist   at 01/09/2026-19:13:42
## end   step: headerlist   at 01/09/2026-19:13:42

## start step: headermap   at 01/09/2026-19:13:42
## end   step: headermap   at 01/09/2026-19:13:42

## start step: fwgrammar   at 01/09/2026-19:13:42
## end   step: fwgrammar   at 01/09/2026-19:13:42

## start step: grammar1st   at 01/09/2026-19:13:42
## end   step: grammar1st   at 01/09/2026-19:13:42

## start step: headerlist   at 01/09/2026-19:13:42
## end   step: headerlist   at 01/09/2026-19:13:42

## start step: headermap   at 01/09/2026-19:13:42
## end   step: headermap   at 01/09/2026-19:13:42

## start step: grammar2nd   at 01/09/2026-19:13:42
## end   step: grammar2nd   at 01/09/2026-19:13:42

## start step: typelibgrammar   at 01/09/2026-19:13:42
## end   step: typelibgrammar   at 01/09/2026-19:13:42

## start step: headerlist   at 01/09/2026-19:13:42
## end   step: headerlist   at 01/09/2026-19:13:42

## start step: headermap   at 01/09/2026-19:13:42
## end   step: headermap   at 01/09/2026-19:13:42

## start step: headerruler   at 01/09/2026-19:13:42
## end   step: headerruler   at 01/09/2026-19:13:42

## start step: compilation   at 01/09/2026-19:13:42
# make:  TrainFramework\PointCmd.m\src\PointDlgCmd.cpp
PointDlgCmd.cpp
D:\Program Files\Dassault Systemes\B18\.\DialogEngine\PublicInterfaces\CATStateCommand.h(742) : warning C4819: 该文件包含不能在当前代码页(936)中表示的字符。请将该文件保存为 Unicode 格式以防止数据丢失
D:\CatiaWS\FeaG\TrainFramework\PointCmd.m\src\PointDlgCmd.cpp(648) : error C2601: “PointDlgCmd::GetPrtContainer”: 本地函数定义是非法的
        D:\CatiaWS\FeaG\TrainFramework\PointCmd.m\src\PointDlgCmd.cpp(468): 此行有一个“{”没有匹配项
D:\CatiaWS\FeaG\TrainFramework\PointCmd.m\src\PointDlgCmd.cpp(678) : error C2601: “PointDlgCmd::GetGSMTool”: 本地函数定义是非法的
        D:\CatiaWS\FeaG\TrainFramework\PointCmd.m\src\PointDlgCmd.cpp(468): 此行有一个“{”没有匹配项
D:\CatiaWS\FeaG\TrainFramework\PointCmd.m\src\PointDlgCmd.cpp(684) : error C2601: “PointDlgCmd::ObjectUpdate”: 本地函数定义是非法的
        D:\CatiaWS\FeaG\TrainFramework\PointCmd.m\src\PointDlgCmd.cpp(468): 此行有一个“{”没有匹配项
D:\CatiaWS\FeaG\TrainFramework\PointCmd.m\src\PointDlgCmd.cpp(690) : error C2601: “PointDlgCmd::GetProductGeoFactory”: 本地函数定义是非法的
        D:\CatiaWS\FeaG\TrainFramework\PointCmd.m\src\PointDlgCmd.cpp(468): 此行有一个“{”没有匹配项
D:\CatiaWS\FeaG\TrainFramework\PointCmd.m\src\PointDlgCmd.cpp(699) : error C2601: “PointDlgCmd::CopyWithLink”: 本地函数定义是非法的
        D:\CatiaWS\FeaG\TrainFramework\PointCmd.m\src\PointDlgCmd.cpp(468): 此行有一个“{”没有匹配项
D:\CatiaWS\FeaG\TrainFramework\PointCmd.m\src\PointDlgCmd.cpp(704) : error C2601: “PointDlgCmd::SetHideOrShow”: 本地函数定义是非法的
        D:\CatiaWS\FeaG\TrainFramework\PointCmd.m\src\PointDlgCmd.cpp(468): 此行有一个“{”没有匹配项
D:\CatiaWS\FeaG\TrainFramework\PointCmd.m\src\PointDlgCmd.cpp(711) : error C2601: “PointDlgCmd::CutAndPaste”: 本地函数定义是非法的
        D:\CatiaWS\FeaG\TrainFramework\PointCmd.m\src\PointDlgCmd.cpp(468): 此行有一个“{”没有匹配项
D:\CatiaWS\FeaG\TrainFramework\PointCmd.m\src\PointDlgCmd.cpp(715) : fatal error C1075: 与左侧的 大括号“{”(位于“D:\CatiaWS\FeaG\TrainFramework\PointCmd.m\src\PointDlgCmd.cpp(468)”)匹配之前遇到文件结束
# make-ERROR: TrainFramework\PointCmd.m\src\PointDlgCmd.cpp
## end   step: compilation   at 01/09/2026-19:13:43

## start step: sourceruler   at 01/09/2026-19:13:43
## end   step: sourceruler   at 01/09/2026-19:13:43

## start step: link1st   at 01/09/2026-19:13:43
# make: TrainFramework\PointCmd.m win_b64\code\lib\PointCmd.lib
# syst-ERROR: D:\CatiaWS\FeaG\.\TrainFramework\PointCmd.m\Objects\win_b64\PointDlgCmd.obj: No such file or directory
# make-ERROR: win_b64\code\lib\PointCmd.lib
## end   step: link1st   at 01/09/2026-19:13:43

## start step: link2nd   at 01/09/2026-19:13:43
# make: TrainFramework\PointCmd.m win_b64\code\bin\PointCmd.dll
# syst-ERROR: D:\CatiaWS\FeaG\.\TrainFramework\PointCmd.m\Objects\win_b64\PointDlgCmd.obj: No such file or directory
# syst-ERROR: D:\CatiaWS\FeaG\.\win_b64\code\lib\PointCmd.exp: No such file or directory
# make-ERROR: win_b64\code\bin\PointCmd.dll
## end   step: link2nd   at 01/09/2026-19:13:43

## start step: dummynls   at 01/09/2026-19:13:43
## end   step: dummynls   at 01/09/2026-19:13:43
