mkmk  -u -g  PointCmd.m
2026/1/8 15:46:44

## start step: CIbuild   at 01/08/2026-15:46:44
## end   step: CIbuild   at 01/08/2026-15:46:44

## start step: DataUpdate   at 01/08/2026-15:46:44
# make:  TrainFramework\IdentityCard\Objects\win_b64\.mkdata.mk
## end   step: DataUpdate   at 01/08/2026-15:46:44

## start step: DataUpdate   at 01/08/2026-15:46:44
# make:  TrainFramework\PointCmd.m\Objects\win_b64\.mkdata.mk
## end   step: DataUpdate   at 01/08/2026-15:46:44

## start step: CIcompilation   at 01/08/2026-15:46:44
## end   step: CIcompilation   at 01/08/2026-15:46:44

## start step: headerlist   at 01/08/2026-15:46:44
## end   step: headerlist   at 01/08/2026-15:46:44

## start step: headermap   at 01/08/2026-15:46:44
## end   step: headermap   at 01/08/2026-15:46:44

## start step: fwgrammar   at 01/08/2026-15:46:44
## end   step: fwgrammar   at 01/08/2026-15:46:44

## start step: grammar1st   at 01/08/2026-15:46:44
## end   step: grammar1st   at 01/08/2026-15:46:44

## start step: headerlist   at 01/08/2026-15:46:44
## end   step: headerlist   at 01/08/2026-15:46:44

## start step: headermap   at 01/08/2026-15:46:44
## end   step: headermap   at 01/08/2026-15:46:44

## start step: grammar2nd   at 01/08/2026-15:46:44
## end   step: grammar2nd   at 01/08/2026-15:46:44

## start step: typelibgrammar   at 01/08/2026-15:46:44
## end   step: typelibgrammar   at 01/08/2026-15:46:44

## start step: headerlist   at 01/08/2026-15:46:44
## end   step: headerlist   at 01/08/2026-15:46:44

## start step: headermap   at 01/08/2026-15:46:44
## end   step: headermap   at 01/08/2026-15:46:44

## start step: headerruler   at 01/08/2026-15:46:44
## end   step: headerruler   at 01/08/2026-15:46:44

## start step: compilation   at 01/08/2026-15:46:44
# make:  TrainFramework\PointCmd.m\src\PointDlgCmd.cpp
PointDlgCmd.cpp
D:\Program Files\Dassault Systemes\B18\.\DialogEngine\PublicInterfaces\CATStateCommand.h(742) : warning C4819: 该文件包含不能在当前代码页(936)中表示的字符。请将该文件保存为 Unicode 格式以防止数据丢失
D:\CatiaWS\FeaG\TrainFramework\PointCmd.m\src\PointDlgCmd.cpp(535) : error C2065: “CATICkeParmFactory”: 未声明的标识符
D:\CatiaWS\FeaG\TrainFramework\PointCmd.m\src\PointDlgCmd.cpp(535) : error C2065: “pParmFactory”: 未声明的标识符
D:\CatiaWS\FeaG\TrainFramework\PointCmd.m\src\PointDlgCmd.cpp(536) : error C2065: “IID_CATICkeParmFactory”: 未声明的标识符
D:\CatiaWS\FeaG\TrainFramework\PointCmd.m\src\PointDlgCmd.cpp(546) : error C2227: “->CreateReal”的左边必须指向类/结构/联合/泛型类型
        类型是“'unknown-type'”
D:\CatiaWS\FeaG\TrainFramework\PointCmd.m\src\PointDlgCmd.cpp(547) : error C2227: “->CreateReal”的左边必须指向类/结构/联合/泛型类型
        类型是“'unknown-type'”
D:\CatiaWS\FeaG\TrainFramework\PointCmd.m\src\PointDlgCmd.cpp(548) : error C2227: “->CreateReal”的左边必须指向类/结构/联合/泛型类型
        类型是“'unknown-type'”
D:\CatiaWS\FeaG\TrainFramework\PointCmd.m\src\PointDlgCmd.cpp(550) : error C2227: “->Release”的左边必须指向类/结构/联合/泛型类型
        类型是“'unknown-type'”
D:\CatiaWS\FeaG\TrainFramework\PointCmd.m\src\PointDlgCmd.cpp(553) : error C2660: “CATI2DWFFactory::CreatePoint”: 函数不接受 3 个参数
# make-ERROR: TrainFramework\PointCmd.m\src\PointDlgCmd.cpp
## end   step: compilation   at 01/08/2026-15:46:45

## start step: sourceruler   at 01/08/2026-15:46:45
## end   step: sourceruler   at 01/08/2026-15:46:45

## start step: link1st   at 01/08/2026-15:46:45
# syst-ERROR: D:\CatiaWS\FeaG\.\TrainFramework\PointCmd.m\Objects\win_b64\PointDlgCmd.obj: No such file or directory
# make-ERROR: win_b64\code\lib\PointCmd.lib
# make: TrainFramework\PointCmd.m win_b64\code\lib\PointCmd.lib
## end   step: link1st   at 01/08/2026-15:46:45

## start step: link2nd   at 01/08/2026-15:46:45
# make: TrainFramework\PointCmd.m win_b64\code\bin\PointCmd.dll
# syst-ERROR: D:\CatiaWS\FeaG\.\TrainFramework\PointCmd.m\Objects\win_b64\PointDlgCmd.obj: No such file or directory
# syst-ERROR: D:\CatiaWS\FeaG\.\win_b64\code\lib\PointCmd.exp: No such file or directory
# make-ERROR: win_b64\code\bin\PointCmd.dll
## end   step: link2nd   at 01/08/2026-15:46:45

## start step: dummynls   at 01/08/2026-15:46:45
## end   step: dummynls   at 01/08/2026-15:46:45
