mkmk  -u -g  PointCmd.m
2026/1/9 17:50:47

## start step: CIbuild   at 01/09/2026-17:50:47
## end   step: CIbuild   at 01/09/2026-17:50:47

## start step: DataUpdate   at 01/09/2026-17:50:47
# make:  TrainFramework\IdentityCard\Objects\win_b64\.mkdata.mk
## end   step: DataUpdate   at 01/09/2026-17:50:47

## start step: DataUpdate   at 01/09/2026-17:50:47
# make:  TrainFramework\PointCmd.m\Objects\win_b64\.mkdata.mk
## end   step: DataUpdate   at 01/09/2026-17:50:47

## start step: CIcompilation   at 01/09/2026-17:50:47
## end   step: CIcompilation   at 01/09/2026-17:50:47

## start step: headerlist   at 01/09/2026-17:50:47
## end   step: headerlist   at 01/09/2026-17:50:47

## start step: headermap   at 01/09/2026-17:50:47
## end   step: headermap   at 01/09/2026-17:50:47

## start step: fwgrammar   at 01/09/2026-17:50:47
## end   step: fwgrammar   at 01/09/2026-17:50:47

## start step: grammar1st   at 01/09/2026-17:50:47
## end   step: grammar1st   at 01/09/2026-17:50:48

## start step: headerlist   at 01/09/2026-17:50:48
## end   step: headerlist   at 01/09/2026-17:50:48

## start step: headermap   at 01/09/2026-17:50:48
## end   step: headermap   at 01/09/2026-17:50:48

## start step: grammar2nd   at 01/09/2026-17:50:48
## end   step: grammar2nd   at 01/09/2026-17:50:48

## start step: typelibgrammar   at 01/09/2026-17:50:48
## end   step: typelibgrammar   at 01/09/2026-17:50:48

## start step: headerlist   at 01/09/2026-17:50:48
## end   step: headerlist   at 01/09/2026-17:50:48

## start step: headermap   at 01/09/2026-17:50:48
## end   step: headermap   at 01/09/2026-17:50:48

## start step: headerruler   at 01/09/2026-17:50:48
## end   step: headerruler   at 01/09/2026-17:50:48

## start step: compilation   at 01/09/2026-17:50:48
# make:  TrainFramework\PointCmd.m\src\PointDlgCmd.cpp
PointDlgCmd.cpp
D:\Program Files\Dassault Systemes\B18\.\DialogEngine\PublicInterfaces\CATStateCommand.h(742) : warning C4819: 该文件包含不能在当前代码页(936)中表示的字符。请将该文件保存为 Unicode 格式以防止数据丢失
D:\CatiaWS\FeaG\TrainFramework\PointCmd.m\src\PointDlgCmd.cpp(342) : error C2065: “_pCurvehFiledAgent”: 未声明的标识符
D:\CatiaWS\FeaG\TrainFramework\PointCmd.m\src\PointDlgCmd.cpp(342) : error C2227: “->InitializeAcquisition”的左边必须指向类/结构/联合/泛型类型
        类型是“'unknown-type'”
D:\CatiaWS\FeaG\TrainFramework\PointCmd.m\src\PointDlgCmd.cpp(370) : error C2065: “_pModeFiledAgent”: 未声明的标识符
D:\CatiaWS\FeaG\TrainFramework\PointCmd.m\src\PointDlgCmd.cpp(370) : error C2227: “->InitializeAcquisition”的左边必须指向类/结构/联合/泛型类型
        类型是“'unknown-type'”
D:\CatiaWS\FeaG\TrainFramework\PointCmd.m\src\PointDlgCmd.cpp(431) : error C2039: “RemoveAllElements”: 不是“CATHSO”的成员
        D:\Program Files\Dassault Systemes\B18\.\Visualization\PublicInterfaces\CATHSO.h(32) : 参见“CATHSO”的声明
D:\CatiaWS\FeaG\TrainFramework\PointCmd.m\src\PointDlgCmd.cpp(480) : error C2440: “初始化”: 无法从“CATDelete”转换为“HRESULT”
        没有可用于执行该转换的用户定义的转换运算符，或者无法调用该运算符
D:\CatiaWS\FeaG\TrainFramework\PointCmd.m\src\PointDlgCmd.cpp(560) : error C2660: “PointDlgCmd::CopyWithLink”: 函数不接受 5 个参数
D:\CatiaWS\FeaG\TrainFramework\PointCmd.m\src\PointDlgCmd.cpp(599) : error C2065: “spCkeParm”: 未声明的标识符
D:\CatiaWS\FeaG\TrainFramework\PointCmd.m\src\PointDlgCmd.cpp(600) : error C2275: “CATIGSMPoint”: 将此类型用作表达式非法
        d:\program files\dassault systemes\b18\gsminterfaces\publicinterfaces\CATIGSMPoint.h(34) : 参见“CATIGSMPoint”的声明
D:\CatiaWS\FeaG\TrainFramework\PointCmd.m\src\PointDlgCmd.cpp(600) : error C2143: 语法错误 : 缺少“)”(在“if”的前面)
D:\CatiaWS\FeaG\TrainFramework\PointCmd.m\src\PointDlgCmd.cpp(601) : error C2143: 语法错误 : 缺少“;”(在“{”的前面)
D:\CatiaWS\FeaG\TrainFramework\PointCmd.m\src\PointDlgCmd.cpp(629) : error C2059: 语法错误 : “if”
D:\CatiaWS\FeaG\TrainFramework\PointCmd.m\src\PointDlgCmd.cpp(630) : error C2143: 语法错误 : 缺少“;”(在“{”的前面)
D:\CatiaWS\FeaG\TrainFramework\PointCmd.m\src\PointDlgCmd.cpp(630) : error C2447: “{”: 缺少函数标题(是否是老式的形式表?)
D:\CatiaWS\FeaG\TrainFramework\PointCmd.m\src\PointDlgCmd.cpp(648) : error C4430: 缺少类型说明符 - 假定为 int。注意: C++ 不支持默认 int
D:\CatiaWS\FeaG\TrainFramework\PointCmd.m\src\PointDlgCmd.cpp(648) : error C2065: “_spSelectCurveObj”: 未声明的标识符
D:\CatiaWS\FeaG\TrainFramework\PointCmd.m\src\PointDlgCmd.cpp(649) : error C2059: 语法错误 : “if”
D:\CatiaWS\FeaG\TrainFramework\PointCmd.m\src\PointDlgCmd.cpp(652) : error C4430: 缺少类型说明符 - 假定为 int。注意: C++ 不支持默认 int
D:\CatiaWS\FeaG\TrainFramework\PointCmd.m\src\PointDlgCmd.cpp(652) : error C2374: “spAlias”: 重定义；多次初始化
        D:\CatiaWS\FeaG\TrainFramework\PointCmd.m\src\PointDlgCmd.cpp(648) : 参见“spAlias”的声明
D:\CatiaWS\FeaG\TrainFramework\PointCmd.m\src\PointDlgCmd.cpp(652) : error C2065: “spSpecOnTemp”: 未声明的标识符
D:\CatiaWS\FeaG\TrainFramework\PointCmd.m\src\PointDlgCmd.cpp(653) : error C2059: 语法错误 : “if”
D:\CatiaWS\FeaG\TrainFramework\PointCmd.m\src\PointDlgCmd.cpp(657) : error C4430: 缺少类型说明符 - 假定为 int。注意: C++ 不支持默认 int
D:\CatiaWS\FeaG\TrainFramework\PointCmd.m\src\PointDlgCmd.cpp(659) : error C4430: 缺少类型说明符 - 假定为 int。注意: C++ 不支持默认 int
D:\CatiaWS\FeaG\TrainFramework\PointCmd.m\src\PointDlgCmd.cpp(659) : error C2059: 语法错误 : “}”
D:\CatiaWS\FeaG\TrainFramework\PointCmd.m\src\PointDlgCmd.cpp(659) : error C2143: 语法错误 : 缺少“;”(在“}”的前面)
D:\CatiaWS\FeaG\TrainFramework\PointCmd.m\src\PointDlgCmd.cpp(659) : error C2059: 语法错误 : “}”
D:\CatiaWS\FeaG\TrainFramework\PointCmd.m\src\PointDlgCmd.cpp(663) : error C2143: 语法错误 : 缺少“;”(在“{”的前面)
D:\CatiaWS\FeaG\TrainFramework\PointCmd.m\src\PointDlgCmd.cpp(663) : error C2447: “{”: 缺少函数标题(是否是老式的形式表?)
# make-ERROR: TrainFramework\PointCmd.m\src\PointDlgCmd.cpp
## end   step: compilation   at 01/09/2026-17:50:48

## start step: sourceruler   at 01/09/2026-17:50:48
## end   step: sourceruler   at 01/09/2026-17:50:48

## start step: link1st   at 01/09/2026-17:50:48
# make: TrainFramework\PointCmd.m win_b64\code\lib\PointCmd.lib
# syst-ERROR: D:\CatiaWS\FeaG\.\TrainFramework\PointCmd.m\Objects\win_b64\PointDlgCmd.obj: No such file or directory
# make-ERROR: win_b64\code\lib\PointCmd.lib
## end   step: link1st   at 01/09/2026-17:50:48

## start step: link2nd   at 01/09/2026-17:50:48
# make: TrainFramework\PointCmd.m win_b64\code\bin\PointCmd.dll
# syst-ERROR: D:\CatiaWS\FeaG\.\TrainFramework\PointCmd.m\Objects\win_b64\PointDlgCmd.obj: No such file or directory
# syst-ERROR: D:\CatiaWS\FeaG\.\win_b64\code\lib\PointCmd.exp: No such file or directory
# make-ERROR: win_b64\code\bin\PointCmd.dll
## end   step: link2nd   at 01/09/2026-17:50:48

## start step: dummynls   at 01/09/2026-17:50:48
## end   step: dummynls   at 01/09/2026-17:50:48
