mkmk  -u -g  ExtractFeatureM.m
2026/1/15 14:19:36

## start step: CIbuild   at 01/15/2026-14:19:37
## end   step: CIbuild   at 01/15/2026-14:19:37

## start step: DataUpdate   at 01/15/2026-14:19:37
# make:  TrainFramework\IdentityCard\Objects\win_b64\.mkdata.mk
## end   step: DataUpdate   at 01/15/2026-14:19:37

## start step: DataUpdate   at 01/15/2026-14:19:37
# make:  TrainFramework\ExtractFeatureM.m\Objects\win_b64\.mkdata.mk
## end   step: DataUpdate   at 01/15/2026-14:19:37

## start step: CIcompilation   at 01/15/2026-14:19:37
## end   step: CIcompilation   at 01/15/2026-14:19:37

## start step: headerlist   at 01/15/2026-14:19:37
## end   step: headerlist   at 01/15/2026-14:19:37

## start step: headermap   at 01/15/2026-14:19:37
## end   step: headermap   at 01/15/2026-14:19:37

## start step: fwgrammar   at 01/15/2026-14:19:37
## end   step: fwgrammar   at 01/15/2026-14:19:37

## start step: grammar1st   at 01/15/2026-14:19:37
## end   step: grammar1st   at 01/15/2026-14:19:37

## start step: headerlist   at 01/15/2026-14:19:37
## end   step: headerlist   at 01/15/2026-14:19:37

## start step: headermap   at 01/15/2026-14:19:37
## end   step: headermap   at 01/15/2026-14:19:37

## start step: grammar2nd   at 01/15/2026-14:19:37
## end   step: grammar2nd   at 01/15/2026-14:19:37

## start step: typelibgrammar   at 01/15/2026-14:19:37
## end   step: typelibgrammar   at 01/15/2026-14:19:37

## start step: headerlist   at 01/15/2026-14:19:37
## end   step: headerlist   at 01/15/2026-14:19:37

## start step: headermap   at 01/15/2026-14:19:37
## end   step: headermap   at 01/15/2026-14:19:37

## start step: headerruler   at 01/15/2026-14:19:37
## end   step: headerruler   at 01/15/2026-14:19:37

## start step: compilation   at 01/15/2026-14:19:37
# make:  TrainFramework\ExtractFeatureM.m\src\ExtractfeatureCmd.cpp
ExtractfeatureCmd.cpp
D:\Program Files\Dassault Systemes\B18\.\DialogEngine\PublicInterfaces\CATStateCommand.h(742) : warning C4819: 该文件包含不能在当前代码页(936)中表示的字符。请将该文件保存为 Unicode 格式以防止数据丢失
D:\CatiaWS\FeaG\TrainFramework\ExtractFeatureM.m\src\ExtractfeatureCmd.cpp(633) : error C2440: “初始化”: 无法从“const char *”转换为“char *”
        转换丢失限定符
D:\CatiaWS\FeaG\TrainFramework\ExtractFeatureM.m\src\ExtractfeatureCmd.cpp(880) : error C3861: “AnsiToWide”: 找不到标识符
# make-ERROR: TrainFramework\ExtractFeatureM.m\src\ExtractfeatureCmd.cpp
## end   step: compilation   at 01/15/2026-14:19:37

## start step: sourceruler   at 01/15/2026-14:19:37
## end   step: sourceruler   at 01/15/2026-14:19:37

## start step: link1st   at 01/15/2026-14:19:37
# syst-ERROR: D:\CatiaWS\FeaG\.\TrainFramework\ExtractFeatureM.m\Objects\win_b64\ExtractfeatureCmd.obj: No such file or directory
# make-ERROR: win_b64\code\lib\ExtractFeatureM.lib
# make: TrainFramework\ExtractFeatureM.m win_b64\code\lib\ExtractFeatureM.lib
## end   step: link1st   at 01/15/2026-14:19:37

## start step: link2nd   at 01/15/2026-14:19:37
# make: TrainFramework\ExtractFeatureM.m win_b64\code\bin\ExtractFeatureM.dll
# syst-ERROR: D:\CatiaWS\FeaG\.\TrainFramework\ExtractFeatureM.m\Objects\win_b64\ExtractfeatureCmd.obj: No such file or directory
# syst-ERROR: D:\CatiaWS\FeaG\.\win_b64\code\lib\ExtractFeatureM.exp: No such file or directory
# make-ERROR: win_b64\code\bin\ExtractFeatureM.dll
## end   step: link2nd   at 01/15/2026-14:19:37

## start step: dummynls   at 01/15/2026-14:19:37
## end   step: dummynls   at 01/15/2026-14:19:37
