mkmk  -u -g  AddDocCmd.m
2026/1/13 17:15:44

## start step: CIbuild   at 01/13/2026-17:15:44
## end   step: CIbuild   at 01/13/2026-17:15:44

## start step: DataUpdate   at 01/13/2026-17:15:44
# make:  TrainFramework\IdentityCard\Objects\win_b64\.mkdata.mk
## end   step: DataUpdate   at 01/13/2026-17:15:44

## start step: DataUpdate   at 01/13/2026-17:15:44
# make:  TrainFramework\AddDocCmd.m\Objects\win_b64\.mkdata.mk
## end   step: DataUpdate   at 01/13/2026-17:15:44

## start step: CIcompilation   at 01/13/2026-17:15:44
## end   step: CIcompilation   at 01/13/2026-17:15:44

## start step: headerlist   at 01/13/2026-17:15:44
## end   step: headerlist   at 01/13/2026-17:15:44

## start step: headermap   at 01/13/2026-17:15:44
## end   step: headermap   at 01/13/2026-17:15:44

## start step: fwgrammar   at 01/13/2026-17:15:44
## end   step: fwgrammar   at 01/13/2026-17:15:44

## start step: grammar1st   at 01/13/2026-17:15:44
## end   step: grammar1st   at 01/13/2026-17:15:44

## start step: headerlist   at 01/13/2026-17:15:44
## end   step: headerlist   at 01/13/2026-17:15:44

## start step: headermap   at 01/13/2026-17:15:44
## end   step: headermap   at 01/13/2026-17:15:44

## start step: grammar2nd   at 01/13/2026-17:15:44
## end   step: grammar2nd   at 01/13/2026-17:15:44

## start step: typelibgrammar   at 01/13/2026-17:15:44
## end   step: typelibgrammar   at 01/13/2026-17:15:44

## start step: headerlist   at 01/13/2026-17:15:44
## end   step: headerlist   at 01/13/2026-17:15:44

## start step: headermap   at 01/13/2026-17:15:44
## end   step: headermap   at 01/13/2026-17:15:44

## start step: headerruler   at 01/13/2026-17:15:44
## end   step: headerruler   at 01/13/2026-17:15:44

## start step: compilation   at 01/13/2026-17:15:44
# make:  TrainFramework\AddDocCmd.m\src\AddDocCmd.cpp
AddDocCmd.cpp
D:\Program Files\Dassault Systemes\B18\.\DialogEngine\PublicInterfaces\CATStateCommand.h(742) : warning C4819: 该文件包含不能在当前代码页(936)中表示的字符。请将该文件保存为 Unicode 格式以防止数据丢失
D:\CatiaWS\FeaG\TrainFramework\AddDocCmd.m\src\AddDocCmd.cpp(99) : error C2039: “AddLine”: 不是“CATDlgSelectorList”的成员
        d:\program files\dassault systemes\b18\dialog\publicinterfaces\CATDlgSelectorList.h(32) : 参见“CATDlgSelectorList”的声明
D:\CatiaWS\FeaG\TrainFramework\AddDocCmd.m\src\AddDocCmd.cpp(100) : error C2039: “SetSelectLine”: 不是“CATDlgSelectorList”的成员
        d:\program files\dassault systemes\b18\dialog\publicinterfaces\CATDlgSelectorList.h(32) : 参见“CATDlgSelectorList”的声明
# make-ERROR: TrainFramework\AddDocCmd.m\src\AddDocCmd.cpp
## end   step: compilation   at 01/13/2026-17:15:45

## start step: sourceruler   at 01/13/2026-17:15:45
## end   step: sourceruler   at 01/13/2026-17:15:45

## start step: link1st   at 01/13/2026-17:15:45
# make: TrainFramework\AddDocCmd.m win_b64\code\lib\AddDocCmd.lib
# syst-ERROR: D:\CatiaWS\FeaG\.\TrainFramework\AddDocCmd.m\Objects\win_b64\AddDocCmd.obj: No such file or directory
# make-ERROR: win_b64\code\lib\AddDocCmd.lib
## end   step: link1st   at 01/13/2026-17:15:45

## start step: link2nd   at 01/13/2026-17:15:45
# make: TrainFramework\AddDocCmd.m win_b64\code\bin\AddDocCmd.dll
# syst-ERROR: D:\CatiaWS\FeaG\.\TrainFramework\AddDocCmd.m\Objects\win_b64\AddDocCmd.obj: No such file or directory
# syst-ERROR: D:\CatiaWS\FeaG\.\win_b64\code\lib\AddDocCmd.exp: No such file or directory
# make-ERROR: win_b64\code\bin\AddDocCmd.dll
## end   step: link2nd   at 01/13/2026-17:15:45

## start step: dummynls   at 01/13/2026-17:15:45
## end   step: dummynls   at 01/13/2026-17:15:45
