mkmk  -u -g  PointCmd.m
2026/1/9 16:34:16

## start step: CIbuild   at 01/09/2026-16:34:16
## end   step: CIbuild   at 01/09/2026-16:34:16

## start step: DataUpdate   at 01/09/2026-16:34:16
# make:  TrainFramework\IdentityCard\Objects\win_b64\.mkdata.mk
## end   step: DataUpdate   at 01/09/2026-16:34:16

## start step: DataUpdate   at 01/09/2026-16:34:16
# make:  TrainFramework\PointCmd.m\Objects\win_b64\.mkdata.mk
## end   step: DataUpdate   at 01/09/2026-16:34:16

## start step: CIcompilation   at 01/09/2026-16:34:16
## end   step: CIcompilation   at 01/09/2026-16:34:16

## start step: headerlist   at 01/09/2026-16:34:16
## end   step: headerlist   at 01/09/2026-16:34:16

## start step: headermap   at 01/09/2026-16:34:16
## end   step: headermap   at 01/09/2026-16:34:16

## start step: fwgrammar   at 01/09/2026-16:34:16
## end   step: fwgrammar   at 01/09/2026-16:34:16

## start step: grammar1st   at 01/09/2026-16:34:16
## end   step: grammar1st   at 01/09/2026-16:34:16

## start step: headerlist   at 01/09/2026-16:34:16
## end   step: headerlist   at 01/09/2026-16:34:16

## start step: headermap   at 01/09/2026-16:34:16
## end   step: headermap   at 01/09/2026-16:34:16

## start step: grammar2nd   at 01/09/2026-16:34:16
## end   step: grammar2nd   at 01/09/2026-16:34:16

## start step: typelibgrammar   at 01/09/2026-16:34:16
## end   step: typelibgrammar   at 01/09/2026-16:34:16

## start step: headerlist   at 01/09/2026-16:34:16
## end   step: headerlist   at 01/09/2026-16:34:16

## start step: headermap   at 01/09/2026-16:34:16
## end   step: headermap   at 01/09/2026-16:34:16

## start step: headerruler   at 01/09/2026-16:34:16
## end   step: headerruler   at 01/09/2026-16:34:16

## start step: compilation   at 01/09/2026-16:34:16
# make:  TrainFramework\PointCmd.m\src\PointDlgCmd.cpp
PointDlgCmd.cpp
D:\Program Files\Dassault Systemes\B18\.\DialogEngine\PublicInterfaces\CATStateCommand.h(742) : warning C4819: 该文件包含不能在当前代码页(936)中表示的字符。请将该文件保存为 Unicode 格式以防止数据丢失
D:\CatiaWS\FeaG\TrainFramework\PointCmd.m\src\PointDlgCmd.cpp(110) : error C2065: “CATSelectionFilterMethod”: 未声明的标识符
D:\CatiaWS\FeaG\TrainFramework\PointCmd.m\src\PointDlgCmd.cpp(110) : error C3867: “PointDlgCmd::CheckSelectedCurve”: 函数调用缺少参数列表；请使用“&PointDlgCmd::CheckSelectedCurve”创建指向成员的指针
D:\CatiaWS\FeaG\TrainFramework\PointCmd.m\src\PointDlgCmd.cpp(110) : error C2660: “CATAcquisitionAgent::SetFilter”: 函数不接受 2 个参数
D:\CatiaWS\FeaG\TrainFramework\PointCmd.m\src\PointDlgCmd.cpp(118) : error C2039: “SetNotification”: 不是“CATDialogAgent”的成员
        D:\Program Files\Dassault Systemes\B18\.\DialogEngine\PublicInterfaces\CATDialogAgent.h(108) : 参见“CATDialogAgent”的声明
D:\CatiaWS\FeaG\TrainFramework\PointCmd.m\src\PointDlgCmd.cpp(119) : error C2039: “SetNotification”: 不是“CATDialogAgent”的成员
        D:\Program Files\Dassault Systemes\B18\.\DialogEngine\PublicInterfaces\CATDialogAgent.h(108) : 参见“CATDialogAgent”的声明
D:\CatiaWS\FeaG\TrainFramework\PointCmd.m\src\PointDlgCmd.cpp(119) : error C2039: “GetDiaCancelNotification”: 不是“PointDlg”的成员
        d:\catiaws\feag\trainframework\pointcmd.m\localinterfaces\PointDlg.h(8) : 参见“PointDlg”的声明
D:\CatiaWS\FeaG\TrainFramework\PointCmd.m\src\PointDlgCmd.cpp(132) : error C2039: “AddTransition”: 不是“CATDialogState”的成员
        D:\Program Files\Dassault Systemes\B18\.\DialogEngine\PublicInterfaces\CATDialogState.h(37) : 参见“CATDialogState”的声明
D:\CatiaWS\FeaG\TrainFramework\PointCmd.m\src\PointDlgCmd.cpp(134) : error C2065: “CATAction”: 未声明的标识符
D:\CatiaWS\FeaG\TrainFramework\PointCmd.m\src\PointDlgCmd.cpp(134) : error C3867: “PointDlgCmd::SelectCurve”: 函数调用缺少参数列表；请使用“&PointDlgCmd::SelectCurve”创建指向成员的指针
D:\CatiaWS\FeaG\TrainFramework\PointCmd.m\src\PointDlgCmd.cpp(135) : error C2065: “CATCondition”: 未声明的标识符
D:\CatiaWS\FeaG\TrainFramework\PointCmd.m\src\PointDlgCmd.cpp(135) : error C3867: “PointDlgCmd::CheckSelectedCurve”: 函数调用缺少参数列表；请使用“&PointDlgCmd::CheckSelectedCurve”创建指向成员的指针
D:\CatiaWS\FeaG\TrainFramework\PointCmd.m\src\PointDlgCmd.cpp(138) : error C2039: “AddTransition”: 不是“CATDialogState”的成员
        D:\Program Files\Dassault Systemes\B18\.\DialogEngine\PublicInterfaces\CATDialogState.h(37) : 参见“CATDialogState”的声明
D:\CatiaWS\FeaG\TrainFramework\PointCmd.m\src\PointDlgCmd.cpp(140) : error C3867: “PointDlgCmd::ActionOK”: 函数调用缺少参数列表；请使用“&PointDlgCmd::ActionOK”创建指向成员的指针
D:\CatiaWS\FeaG\TrainFramework\PointCmd.m\src\PointDlgCmd.cpp(144) : error C2039: “AddTransition”: 不是“CATDialogState”的成员
        D:\Program Files\Dassault Systemes\B18\.\DialogEngine\PublicInterfaces\CATDialogState.h(37) : 参见“CATDialogState”的声明
D:\CatiaWS\FeaG\TrainFramework\PointCmd.m\src\PointDlgCmd.cpp(146) : error C3867: “PointDlgCmd::ActionCLOSE”: 函数调用缺少参数列表；请使用“&PointDlgCmd::ActionCLOSE”创建指向成员的指针
D:\CatiaWS\FeaG\TrainFramework\PointCmd.m\src\PointDlgCmd.cpp(302) : error C2039: “RemoveAllElements”: 不是“CATHSO”的成员
        D:\Program Files\Dassault Systemes\B18\.\Visualization\PublicInterfaces\CATHSO.h(32) : 参见“CATHSO”的声明
D:\CatiaWS\FeaG\TrainFramework\PointCmd.m\src\PointDlgCmd.cpp(351) : error C2440: “初始化”: 无法从“CATDelete”转换为“HRESULT”
        没有可用于执行该转换的用户定义的转换运算符，或者无法调用该运算符
D:\CatiaWS\FeaG\TrainFramework\PointCmd.m\src\PointDlgCmd.cpp(394) : error C2664: “CATIMeasurableCircle::GetCenter”: 不能将参数 1 从“double [3]”转换为“CATMathPoint &”
D:\CatiaWS\FeaG\TrainFramework\PointCmd.m\src\PointDlgCmd.cpp(408) : error C2039: “GetPointsOnCurve”: 不是“CATIMeasurableCurve”的成员
        d:\program files\dassault systemes\b18\measuregeometryinterfaces\publicinterfaces\CATIMeasurableCurve.h(28) : 参见“CATIMeasurableCurve”的声明
# make-ERROR: TrainFramework\PointCmd.m\src\PointDlgCmd.cpp
## end   step: compilation   at 01/09/2026-16:34:17

## start step: sourceruler   at 01/09/2026-16:34:17
## end   step: sourceruler   at 01/09/2026-16:34:17

## start step: link1st   at 01/09/2026-16:34:17
# make: TrainFramework\PointCmd.m win_b64\code\lib\PointCmd.lib
# syst-ERROR: D:\CatiaWS\FeaG\.\TrainFramework\PointCmd.m\Objects\win_b64\PointDlgCmd.obj: No such file or directory
# make-ERROR: win_b64\code\lib\PointCmd.lib
## end   step: link1st   at 01/09/2026-16:34:17

## start step: link2nd   at 01/09/2026-16:34:17
# make: TrainFramework\PointCmd.m win_b64\code\bin\PointCmd.dll
# syst-ERROR: D:\CatiaWS\FeaG\.\TrainFramework\PointCmd.m\Objects\win_b64\PointDlgCmd.obj: No such file or directory
# syst-ERROR: D:\CatiaWS\FeaG\.\win_b64\code\lib\PointCmd.exp: No such file or directory
# make-ERROR: win_b64\code\bin\PointCmd.dll
## end   step: link2nd   at 01/09/2026-16:34:17

## start step: dummynls   at 01/09/2026-16:34:17
## end   step: dummynls   at 01/09/2026-16:34:17
