mkmk  -u -g  AddDocCmd.m
2026/1/11 16:12:51

## start step: CIbuild   at 01/11/2026-16:12:51
## end   step: CIbuild   at 01/11/2026-16:12:51

## start step: DataUpdate   at 01/11/2026-16:12:51
# make:  TrainFramework\IdentityCard\Objects\win_b64\.mkdata.mk
## end   step: DataUpdate   at 01/11/2026-16:12:51

## start step: DataUpdate   at 01/11/2026-16:12:51
# make:  TrainFramework\AddDocCmd.m\Objects\win_b64\.mkdata.mk
## end   step: DataUpdate   at 01/11/2026-16:12:51

## start step: CIcompilation   at 01/11/2026-16:12:51
## end   step: CIcompilation   at 01/11/2026-16:12:51

## start step: headerlist   at 01/11/2026-16:12:51
## end   step: headerlist   at 01/11/2026-16:12:51

## start step: headermap   at 01/11/2026-16:12:51
## end   step: headermap   at 01/11/2026-16:12:51

## start step: fwgrammar   at 01/11/2026-16:12:51
## end   step: fwgrammar   at 01/11/2026-16:12:51

## start step: grammar1st   at 01/11/2026-16:12:51
## end   step: grammar1st   at 01/11/2026-16:12:51

## start step: headerlist   at 01/11/2026-16:12:51
## end   step: headerlist   at 01/11/2026-16:12:51

## start step: headermap   at 01/11/2026-16:12:51
## end   step: headermap   at 01/11/2026-16:12:51

## start step: grammar2nd   at 01/11/2026-16:12:51
## end   step: grammar2nd   at 01/11/2026-16:12:51

## start step: typelibgrammar   at 01/11/2026-16:12:51
## end   step: typelibgrammar   at 01/11/2026-16:12:51

## start step: headerlist   at 01/11/2026-16:12:51
## end   step: headerlist   at 01/11/2026-16:12:51

## start step: headermap   at 01/11/2026-16:12:51
## end   step: headermap   at 01/11/2026-16:12:51

## start step: headerruler   at 01/11/2026-16:12:51
## end   step: headerruler   at 01/11/2026-16:12:51

## start step: compilation   at 01/11/2026-16:12:51
# make:  TrainFramework\AddDocCmd.m\src\AddDocDlg.cpp
AddDocDlg.cpp
D:\CatiaWS\FeaG\TrainFramework\AddDocCmd.m\src\AddDocDlg.cpp(79) : error C2660: “CATDlgEditor::GetText”: 函数不接受 1 个参数
D:\CatiaWS\FeaG\TrainFramework\AddDocCmd.m\src\AddDocDlg.cpp(83) : error C2065: “CATDocument”: 未声明的标识符
D:\CatiaWS\FeaG\TrainFramework\AddDocCmd.m\src\AddDocDlg.cpp(83) : error C2065: “pDoc”: 未声明的标识符
D:\CatiaWS\FeaG\TrainFramework\AddDocCmd.m\src\AddDocDlg.cpp(84) : error C2653: “CATDocumentServices”: 不是类或命名空间名称
D:\CatiaWS\FeaG\TrainFramework\AddDocCmd.m\src\AddDocDlg.cpp(84) : error C3861: “OpenDocument”: 找不到标识符
# make-ERROR: TrainFramework\AddDocCmd.m\src\AddDocDlg.cpp
## end   step: compilation   at 01/11/2026-16:12:51

## start step: sourceruler   at 01/11/2026-16:12:51
## end   step: sourceruler   at 01/11/2026-16:12:51

## start step: link1st   at 01/11/2026-16:12:51
# make: TrainFramework\AddDocCmd.m win_b64\code\lib\AddDocCmd.lib
# syst-ERROR: D:\CatiaWS\FeaG\.\TrainFramework\AddDocCmd.m\Objects\win_b64\AddDocDlg.obj: No such file or directory
# make-ERROR: win_b64\code\lib\AddDocCmd.lib
## end   step: link1st   at 01/11/2026-16:12:51

## start step: link2nd   at 01/11/2026-16:12:51
# make: TrainFramework\AddDocCmd.m win_b64\code\bin\AddDocCmd.dll
# syst-ERROR: D:\CatiaWS\FeaG\.\TrainFramework\AddDocCmd.m\Objects\win_b64\AddDocDlg.obj: No such file or directory
# syst-ERROR: D:\CatiaWS\FeaG\.\win_b64\code\lib\AddDocCmd.exp: No such file or directory
# make-ERROR: win_b64\code\bin\AddDocCmd.dll
## end   step: link2nd   at 01/11/2026-16:12:51

## start step: dummynls   at 01/11/2026-16:12:51
## end   step: dummynls   at 01/11/2026-16:12:51
