mkmk  -u -g  CalculateAllowanceM.m
2026/1/16 17:11:12

## start step: CIbuild   at 01/16/2026-17:11:12
## end   step: CIbuild   at 01/16/2026-17:11:12

## start step: DataUpdate   at 01/16/2026-17:11:12
# make:  TrainFramework\IdentityCard\Objects\win_b64\.mkdata.mk
## end   step: DataUpdate   at 01/16/2026-17:11:12

## start step: DataUpdate   at 01/16/2026-17:11:12
# make:  TrainFramework\CalculateAllowanceM.m\Objects\win_b64\.mkdata.mk
## end   step: DataUpdate   at 01/16/2026-17:11:12

## start step: CIcompilation   at 01/16/2026-17:11:12
## end   step: CIcompilation   at 01/16/2026-17:11:12

## start step: headerlist   at 01/16/2026-17:11:12
## end   step: headerlist   at 01/16/2026-17:11:12

## start step: headermap   at 01/16/2026-17:11:12
## end   step: headermap   at 01/16/2026-17:11:12

## start step: fwgrammar   at 01/16/2026-17:11:12
## end   step: fwgrammar   at 01/16/2026-17:11:12

## start step: grammar1st   at 01/16/2026-17:11:12
## end   step: grammar1st   at 01/16/2026-17:11:12

## start step: headerlist   at 01/16/2026-17:11:12
## end   step: headerlist   at 01/16/2026-17:11:12

## start step: headermap   at 01/16/2026-17:11:12
## end   step: headermap   at 01/16/2026-17:11:12

## start step: grammar2nd   at 01/16/2026-17:11:12
## end   step: grammar2nd   at 01/16/2026-17:11:12

## start step: typelibgrammar   at 01/16/2026-17:11:12
## end   step: typelibgrammar   at 01/16/2026-17:11:12

## start step: headerlist   at 01/16/2026-17:11:12
## end   step: headerlist   at 01/16/2026-17:11:12

## start step: headermap   at 01/16/2026-17:11:12
## end   step: headermap   at 01/16/2026-17:11:12

## start step: headerruler   at 01/16/2026-17:11:12
## end   step: headerruler   at 01/16/2026-17:11:12

## start step: compilation   at 01/16/2026-17:11:12
# make:  TrainFramework\CalculateAllowanceM.m\src\CalculateAllowanceCmd.cpp
CalculateAllowanceCmd.cpp
D:\Program Files\Dassault Systemes\B18\.\DialogEngine\PublicInterfaces\CATStateCommand.h(742) : warning C4819: 该文件包含不能在当前代码页(936)中表示的字符。请将该文件保存为 Unicode 格式以防止数据丢失
D:\CatiaWS\FeaG\TrainFramework\CalculateAllowanceM.m\src\CalculateAllowanceCmd.cpp(12) : error C2059: 语法错误 : “{”
D:\CatiaWS\FeaG\TrainFramework\CalculateAllowanceM.m\src\CalculateAllowanceCmd.cpp(12) : error C2630: “;”在应是逗号分隔列表的位置找到了
D:\CatiaWS\FeaG\TrainFramework\CalculateAllowanceM.m\src\CalculateAllowanceCmd.cpp(13) : error C2061: 语法错误 : 标识符“ExtractFeatureDlg”
# make-ERROR: TrainFramework\CalculateAllowanceM.m\src\CalculateAllowanceCmd.cpp
## end   step: compilation   at 01/16/2026-17:11:13

## start step: sourceruler   at 01/16/2026-17:11:13
## end   step: sourceruler   at 01/16/2026-17:11:13

## start step: link1st   at 01/16/2026-17:11:13
# make: TrainFramework\CalculateAllowanceM.m win_b64\code\lib\CalculateAllowanceM.lib
# syst-ERROR: D:\CatiaWS\FeaG\.\TrainFramework\CalculateAllowanceM.m\Objects\win_b64\CalculateAllowanceCmd.obj: No such file or directory
# make-ERROR: win_b64\code\lib\CalculateAllowanceM.lib
## end   step: link1st   at 01/16/2026-17:11:13

## start step: link2nd   at 01/16/2026-17:11:13
# make: TrainFramework\CalculateAllowanceM.m win_b64\code\bin\CalculateAllowanceM.dll
# syst-ERROR: D:\CatiaWS\FeaG\.\TrainFramework\CalculateAllowanceM.m\Objects\win_b64\CalculateAllowanceCmd.obj: No such file or directory
# syst-ERROR: D:\CatiaWS\FeaG\.\win_b64\code\lib\CalculateAllowanceM.exp: No such file or directory
# make-ERROR: win_b64\code\bin\CalculateAllowanceM.dll
## end   step: link2nd   at 01/16/2026-17:11:13

## start step: dummynls   at 01/16/2026-17:11:13
## end   step: dummynls   at 01/16/2026-17:11:13
