mkmk  -u -g  PointCmd.m
2026/1/9 17:29:50

## start step: CIbuild   at 01/09/2026-17:29:51
## end   step: CIbuild   at 01/09/2026-17:29:51

## start step: DataUpdate   at 01/09/2026-17:29:51
# make:  TrainFramework\IdentityCard\Objects\win_b64\.mkdata.mk
## end   step: DataUpdate   at 01/09/2026-17:29:51

## start step: DataUpdate   at 01/09/2026-17:29:51
# make:  TrainFramework\PointCmd.m\Objects\win_b64\.mkdata.mk
## end   step: DataUpdate   at 01/09/2026-17:29:51

## start step: CIcompilation   at 01/09/2026-17:29:51
## end   step: CIcompilation   at 01/09/2026-17:29:51

## start step: headerlist   at 01/09/2026-17:29:51
## end   step: headerlist   at 01/09/2026-17:29:51

## start step: headermap   at 01/09/2026-17:29:51
## end   step: headermap   at 01/09/2026-17:29:51

## start step: fwgrammar   at 01/09/2026-17:29:51
## end   step: fwgrammar   at 01/09/2026-17:29:51

## start step: grammar1st   at 01/09/2026-17:29:51
## end   step: grammar1st   at 01/09/2026-17:29:51

## start step: headerlist   at 01/09/2026-17:29:51
## end   step: headerlist   at 01/09/2026-17:29:51

## start step: headermap   at 01/09/2026-17:29:51
## end   step: headermap   at 01/09/2026-17:29:51

## start step: grammar2nd   at 01/09/2026-17:29:51
## end   step: grammar2nd   at 01/09/2026-17:29:51

## start step: typelibgrammar   at 01/09/2026-17:29:51
## end   step: typelibgrammar   at 01/09/2026-17:29:51

## start step: headerlist   at 01/09/2026-17:29:51
## end   step: headerlist   at 01/09/2026-17:29:51

## start step: headermap   at 01/09/2026-17:29:51
## end   step: headermap   at 01/09/2026-17:29:51

## start step: headerruler   at 01/09/2026-17:29:51
## end   step: headerruler   at 01/09/2026-17:29:51

## start step: compilation   at 01/09/2026-17:29:51
# make:  TrainFramework\PointCmd.m\src\PointDlgCmd.cpp
PointDlgCmd.cpp
D:\Program Files\Dassault Systemes\B18\.\DialogEngine\PublicInterfaces\CATStateCommand.h(742) : warning C4819: 该文件包含不能在当前代码页(936)中表示的字符。请将该文件保存为 Unicode 格式以防止数据丢失
D:\CatiaWS\FeaG\TrainFramework\PointCmd.m\src\PointDlgCmd.cpp(222) : error C2039: “CheckInPut”: 不是“PointDlgCmd”的成员
        D:\CatiaWS\FeaG\.\TrainFramework\PointCmd.m\LocalInterfaces\PointDlgCmd.h(67) : 参见“PointDlgCmd”的声明
D:\CatiaWS\FeaG\TrainFramework\PointCmd.m\src\PointDlgCmd.cpp(224) : error C2065: “_pDlg”: 未声明的标识符
D:\CatiaWS\FeaG\TrainFramework\PointCmd.m\src\PointDlgCmd.cpp(224) : error C2227: “->SetOKSensitivity”的左边必须指向类/结构/联合/泛型类型
        类型是“'unknown-type'”
D:\CatiaWS\FeaG\TrainFramework\PointCmd.m\src\PointDlgCmd.cpp(225) : error C2227: “->SetAPPLYSensitivity”的左边必须指向类/结构/联合/泛型类型
        类型是“'unknown-type'”
D:\CatiaWS\FeaG\TrainFramework\PointCmd.m\src\PointDlgCmd.cpp(226) : error C2065: “_spActiveProduct”: 未声明的标识符
D:\CatiaWS\FeaG\TrainFramework\PointCmd.m\src\PointDlgCmd.cpp(226) : error C2065: “_spSelectCurveObj”: 未声明的标识符
D:\CatiaWS\FeaG\TrainFramework\PointCmd.m\src\PointDlgCmd.cpp(226) : error C2065: “_spSelectCurveProduct”: 未声明的标识符
D:\CatiaWS\FeaG\TrainFramework\PointCmd.m\src\PointDlgCmd.cpp(230) : error C2227: “->GetCombo”的左边必须指向类/结构/联合/泛型类型
        类型是“'unknown-type'”
D:\CatiaWS\FeaG\TrainFramework\PointCmd.m\src\PointDlgCmd.cpp(230) : error C2227: “->GetSelect”的左边必须指向类/结构/联合/泛型类型
D:\CatiaWS\FeaG\TrainFramework\PointCmd.m\src\PointDlgCmd.cpp(231) : error C2227: “->GetCombo”的左边必须指向类/结构/联合/泛型类型
        类型是“'unknown-type'”
D:\CatiaWS\FeaG\TrainFramework\PointCmd.m\src\PointDlgCmd.cpp(231) : error C2227: “->GetLine”的左边必须指向类/结构/联合/泛型类型
D:\CatiaWS\FeaG\TrainFramework\PointCmd.m\src\PointDlgCmd.cpp(235) : error C2227: “->GetSpinner”的左边必须指向类/结构/联合/泛型类型
        类型是“'unknown-type'”
D:\CatiaWS\FeaG\TrainFramework\PointCmd.m\src\PointDlgCmd.cpp(235) : error C2227: “->GetValue”的左边必须指向类/结构/联合/泛型类型
D:\CatiaWS\FeaG\TrainFramework\PointCmd.m\src\PointDlgCmd.cpp(243) : error C2227: “->SetAPPLYSensitivity”的左边必须指向类/结构/联合/泛型类型
        类型是“'unknown-type'”
D:\CatiaWS\FeaG\TrainFramework\PointCmd.m\src\PointDlgCmd.cpp(292) : error C2065: “spProductSeletion”: 未声明的标识符
D:\CatiaWS\FeaG\TrainFramework\PointCmd.m\src\PointDlgCmd.cpp(304) : error C2065: “spSpecOnSelection”: 未声明的标识符
D:\CatiaWS\FeaG\TrainFramework\PointCmd.m\src\PointDlgCmd.cpp(335) : error C2065: “_pCurvehFiledAgent”: 未声明的标识符
D:\CatiaWS\FeaG\TrainFramework\PointCmd.m\src\PointDlgCmd.cpp(335) : error C2227: “->InitializeAcquisition”的左边必须指向类/结构/联合/泛型类型
        类型是“'unknown-type'”
D:\CatiaWS\FeaG\TrainFramework\PointCmd.m\src\PointDlgCmd.cpp(363) : error C2065: “_pModeFiledAgent”: 未声明的标识符
D:\CatiaWS\FeaG\TrainFramework\PointCmd.m\src\PointDlgCmd.cpp(363) : error C2227: “->InitializeAcquisition”的左边必须指向类/结构/联合/泛型类型
        类型是“'unknown-type'”
D:\CatiaWS\FeaG\TrainFramework\PointCmd.m\src\PointDlgCmd.cpp(424) : error C2039: “RemoveAllElements”: 不是“CATHSO”的成员
        D:\Program Files\Dassault Systemes\B18\.\Visualization\PublicInterfaces\CATHSO.h(32) : 参见“CATHSO”的声明
D:\CatiaWS\FeaG\TrainFramework\PointCmd.m\src\PointDlgCmd.cpp(473) : error C2440: “初始化”: 无法从“CATDelete”转换为“HRESULT”
        没有可用于执行该转换的用户定义的转换运算符，或者无法调用该运算符
D:\CatiaWS\FeaG\TrainFramework\PointCmd.m\src\PointDlgCmd.cpp(553) : error C2660: “PointDlgCmd::CopyWithLink”: 函数不接受 5 个参数
D:\CatiaWS\FeaG\TrainFramework\PointCmd.m\src\PointDlgCmd.cpp(592) : error C2065: “spCkeParm”: 未声明的标识符
D:\CatiaWS\FeaG\TrainFramework\PointCmd.m\src\PointDlgCmd.cpp(593) : error C2275: “CATIGSMPoint”: 将此类型用作表达式非法
        d:\program files\dassault systemes\b18\gsminterfaces\publicinterfaces\CATIGSMPoint.h(34) : 参见“CATIGSMPoint”的声明
D:\CatiaWS\FeaG\TrainFramework\PointCmd.m\src\PointDlgCmd.cpp(593) : error C2143: 语法错误 : 缺少“)”(在“if”的前面)
D:\CatiaWS\FeaG\TrainFramework\PointCmd.m\src\PointDlgCmd.cpp(594) : error C2143: 语法错误 : 缺少“;”(在“{”的前面)
D:\CatiaWS\FeaG\TrainFramework\PointCmd.m\src\PointDlgCmd.cpp(622) : error C2059: 语法错误 : “if”
D:\CatiaWS\FeaG\TrainFramework\PointCmd.m\src\PointDlgCmd.cpp(623) : error C2143: 语法错误 : 缺少“;”(在“{”的前面)
D:\CatiaWS\FeaG\TrainFramework\PointCmd.m\src\PointDlgCmd.cpp(623) : error C2447: “{”: 缺少函数标题(是否是老式的形式表?)
D:\CatiaWS\FeaG\TrainFramework\PointCmd.m\src\PointDlgCmd.cpp(641) : error C4430: 缺少类型说明符 - 假定为 int。注意: C++ 不支持默认 int
D:\CatiaWS\FeaG\TrainFramework\PointCmd.m\src\PointDlgCmd.cpp(642) : error C2059: 语法错误 : “if”
D:\CatiaWS\FeaG\TrainFramework\PointCmd.m\src\PointDlgCmd.cpp(645) : error C4430: 缺少类型说明符 - 假定为 int。注意: C++ 不支持默认 int
D:\CatiaWS\FeaG\TrainFramework\PointCmd.m\src\PointDlgCmd.cpp(645) : error C2374: “spAlias”: 重定义；多次初始化
        D:\CatiaWS\FeaG\TrainFramework\PointCmd.m\src\PointDlgCmd.cpp(641) : 参见“spAlias”的声明
D:\CatiaWS\FeaG\TrainFramework\PointCmd.m\src\PointDlgCmd.cpp(645) : error C2065: “spSpecOnTemp”: 未声明的标识符
D:\CatiaWS\FeaG\TrainFramework\PointCmd.m\src\PointDlgCmd.cpp(646) : error C2059: 语法错误 : “if”
D:\CatiaWS\FeaG\TrainFramework\PointCmd.m\src\PointDlgCmd.cpp(650) : error C4430: 缺少类型说明符 - 假定为 int。注意: C++ 不支持默认 int
D:\CatiaWS\FeaG\TrainFramework\PointCmd.m\src\PointDlgCmd.cpp(652) : error C4430: 缺少类型说明符 - 假定为 int。注意: C++ 不支持默认 int
D:\CatiaWS\FeaG\TrainFramework\PointCmd.m\src\PointDlgCmd.cpp(652) : error C2059: 语法错误 : “}”
D:\CatiaWS\FeaG\TrainFramework\PointCmd.m\src\PointDlgCmd.cpp(652) : error C2143: 语法错误 : 缺少“;”(在“}”的前面)
D:\CatiaWS\FeaG\TrainFramework\PointCmd.m\src\PointDlgCmd.cpp(652) : error C2059: 语法错误 : “}”
D:\CatiaWS\FeaG\TrainFramework\PointCmd.m\src\PointDlgCmd.cpp(656) : error C2143: 语法错误 : 缺少“;”(在“{”的前面)
D:\CatiaWS\FeaG\TrainFramework\PointCmd.m\src\PointDlgCmd.cpp(656) : error C2447: “{”: 缺少函数标题(是否是老式的形式表?)
# make-ERROR: TrainFramework\PointCmd.m\src\PointDlgCmd.cpp
## end   step: compilation   at 01/09/2026-17:29:51

## start step: sourceruler   at 01/09/2026-17:29:51
## end   step: sourceruler   at 01/09/2026-17:29:51

## start step: link1st   at 01/09/2026-17:29:51
# make: TrainFramework\PointCmd.m win_b64\code\lib\PointCmd.lib
# syst-ERROR: D:\CatiaWS\FeaG\.\TrainFramework\PointCmd.m\Objects\win_b64\PointDlgCmd.obj: No such file or directory
# make-ERROR: win_b64\code\lib\PointCmd.lib
## end   step: link1st   at 01/09/2026-17:29:52

## start step: link2nd   at 01/09/2026-17:29:52
# make: TrainFramework\PointCmd.m win_b64\code\bin\PointCmd.dll
# syst-ERROR: D:\CatiaWS\FeaG\.\TrainFramework\PointCmd.m\Objects\win_b64\PointDlgCmd.obj: No such file or directory
# syst-ERROR: D:\CatiaWS\FeaG\.\win_b64\code\lib\PointCmd.exp: No such file or directory
# make-ERROR: win_b64\code\bin\PointCmd.dll
## end   step: link2nd   at 01/09/2026-17:29:52

## start step: dummynls   at 01/09/2026-17:29:52
## end   step: dummynls   at 01/09/2026-17:29:52
