mkmk  -u -g  PointCmd.m
2026/1/9 20:39:03

## start step: CIbuild   at 01/09/2026-20:39:03
## end   step: CIbuild   at 01/09/2026-20:39:03

## start step: DataUpdate   at 01/09/2026-20:39:03
# make:  TrainFramework\IdentityCard\Objects\win_b64\.mkdata.mk
## end   step: DataUpdate   at 01/09/2026-20:39:03

## start step: DataUpdate   at 01/09/2026-20:39:03
# make:  TrainFramework\PointCmd.m\Objects\win_b64\.mkdata.mk
## end   step: DataUpdate   at 01/09/2026-20:39:03

## start step: CIcompilation   at 01/09/2026-20:39:03
## end   step: CIcompilation   at 01/09/2026-20:39:03

## start step: headerlist   at 01/09/2026-20:39:03
## end   step: headerlist   at 01/09/2026-20:39:03

## start step: headermap   at 01/09/2026-20:39:03
## end   step: headermap   at 01/09/2026-20:39:03

## start step: fwgrammar   at 01/09/2026-20:39:03
## end   step: fwgrammar   at 01/09/2026-20:39:03

## start step: grammar1st   at 01/09/2026-20:39:03
## end   step: grammar1st   at 01/09/2026-20:39:03

## start step: headerlist   at 01/09/2026-20:39:03
## end   step: headerlist   at 01/09/2026-20:39:03

## start step: headermap   at 01/09/2026-20:39:03
## end   step: headermap   at 01/09/2026-20:39:03

## start step: grammar2nd   at 01/09/2026-20:39:03
## end   step: grammar2nd   at 01/09/2026-20:39:03

## start step: typelibgrammar   at 01/09/2026-20:39:03
## end   step: typelibgrammar   at 01/09/2026-20:39:03

## start step: headerlist   at 01/09/2026-20:39:03
## end   step: headerlist   at 01/09/2026-20:39:03

## start step: headermap   at 01/09/2026-20:39:03
## end   step: headermap   at 01/09/2026-20:39:03

## start step: headerruler   at 01/09/2026-20:39:03
## end   step: headerruler   at 01/09/2026-20:39:04

## start step: compilation   at 01/09/2026-20:39:04
# make:  TrainFramework\PointCmd.m\src\PointDlgCmd.cpp
PointDlgCmd.cpp
D:\Program Files\Dassault Systemes\B18\.\DialogEngine\PublicInterfaces\CATStateCommand.h(742) : warning C4819: 该文件包含不能在当前代码页(936)中表示的字符。请将该文件保存为 Unicode 格式以防止数据丢失
D:\CatiaWS\FeaG\TrainFramework\PointCmd.m\src\PointDlgCmd.cpp(729) : error C2660: “CATIContainerOfDocument::GetBRepContainer”: 函数不接受 0 个参数
D:\CatiaWS\FeaG\TrainFramework\PointCmd.m\src\PointDlgCmd.cpp(757) : error C2660: “CATIContainerOfDocument::GetResultContainer”: 函数不接受 0 个参数
# make-ERROR: TrainFramework\PointCmd.m\src\PointDlgCmd.cpp
## end   step: compilation   at 01/09/2026-20:39:04

## start step: sourceruler   at 01/09/2026-20:39:04
## end   step: sourceruler   at 01/09/2026-20:39:04

## start step: link1st   at 01/09/2026-20:39:04
# make: TrainFramework\PointCmd.m win_b64\code\lib\PointCmd.lib
# syst-ERROR: D:\CatiaWS\FeaG\.\TrainFramework\PointCmd.m\Objects\win_b64\PointDlgCmd.obj: No such file or directory
# make-ERROR: win_b64\code\lib\PointCmd.lib
## end   step: link1st   at 01/09/2026-20:39:04

## start step: link2nd   at 01/09/2026-20:39:04
# syst-ERROR: D:\CatiaWS\FeaG\.\TrainFramework\PointCmd.m\Objects\win_b64\PointDlgCmd.obj: No such file or directory
# syst-ERROR: D:\CatiaWS\FeaG\.\win_b64\code\lib\PointCmd.exp: No such file or directory
# make-ERROR: win_b64\code\bin\PointCmd.dll
# make: TrainFramework\PointCmd.m win_b64\code\bin\PointCmd.dll
## end   step: link2nd   at 01/09/2026-20:39:04

## start step: dummynls   at 01/09/2026-20:39:04
## end   step: dummynls   at 01/09/2026-20:39:04
