mkmk  -u -g  ExtractFeatureM.m
2026/1/15 17:27:25

## start step: CIbuild   at 01/15/2026-17:27:25
## end   step: CIbuild   at 01/15/2026-17:27:25

## start step: DataUpdate   at 01/15/2026-17:27:25
# make:  TrainFramework\IdentityCard\Objects\win_b64\.mkdata.mk
## end   step: DataUpdate   at 01/15/2026-17:27:25

## start step: DataUpdate   at 01/15/2026-17:27:25
# make:  TrainFramework\ExtractFeatureM.m\Objects\win_b64\.mkdata.mk
## end   step: DataUpdate   at 01/15/2026-17:27:25

## start step: CIcompilation   at 01/15/2026-17:27:25
## end   step: CIcompilation   at 01/15/2026-17:27:25

## start step: headerlist   at 01/15/2026-17:27:25
## end   step: headerlist   at 01/15/2026-17:27:25

## start step: headermap   at 01/15/2026-17:27:25
## end   step: headermap   at 01/15/2026-17:27:25

## start step: fwgrammar   at 01/15/2026-17:27:25
## end   step: fwgrammar   at 01/15/2026-17:27:25

## start step: grammar1st   at 01/15/2026-17:27:25
## end   step: grammar1st   at 01/15/2026-17:27:25

## start step: headerlist   at 01/15/2026-17:27:25
## end   step: headerlist   at 01/15/2026-17:27:25

## start step: headermap   at 01/15/2026-17:27:25
## end   step: headermap   at 01/15/2026-17:27:25

## start step: grammar2nd   at 01/15/2026-17:27:25
## end   step: grammar2nd   at 01/15/2026-17:27:25

## start step: typelibgrammar   at 01/15/2026-17:27:25
## end   step: typelibgrammar   at 01/15/2026-17:27:25

## start step: headerlist   at 01/15/2026-17:27:25
## end   step: headerlist   at 01/15/2026-17:27:25

## start step: headermap   at 01/15/2026-17:27:25
## end   step: headermap   at 01/15/2026-17:27:25

## start step: headerruler   at 01/15/2026-17:27:25
## end   step: headerruler   at 01/15/2026-17:27:25

## start step: compilation   at 01/15/2026-17:27:25
# make:  TrainFramework\ExtractFeatureM.m\src\ExtractfeatureCmd.cpp
ExtractfeatureCmd.cpp
D:\Program Files\Dassault Systemes\B18\.\DialogEngine\PublicInterfaces\CATStateCommand.h(742) : warning C4819: 该文件包含不能在当前代码页(936)中表示的字符。请将该文件保存为 Unicode 格式以防止数据丢失
D:\CatiaWS\FeaG\TrainFramework\ExtractFeatureM.m\src\ExtractfeatureCmd.cpp(53) : error C2027: 使用了未定义类型“CATPathElementAgent”
        D:\CatiaWS\FeaG\.\TrainFramework\ExtractFeatureM.m\LocalInterfaces\ExtractfeatureCmd.h(12) : 参见“CATPathElementAgent”的声明
D:\CatiaWS\FeaG\TrainFramework\ExtractFeatureM.m\src\ExtractfeatureCmd.cpp(53) : error C2227: “->RequestDelayedDestruction”的左边必须指向类/结构/联合/泛型类型
D:\CatiaWS\FeaG\TrainFramework\ExtractFeatureM.m\src\ExtractfeatureCmd.cpp(56) : error C2027: 使用了未定义类型“CATPathElementAgent”
        D:\CatiaWS\FeaG\.\TrainFramework\ExtractFeatureM.m\LocalInterfaces\ExtractfeatureCmd.h(12) : 参见“CATPathElementAgent”的声明
D:\CatiaWS\FeaG\TrainFramework\ExtractFeatureM.m\src\ExtractfeatureCmd.cpp(56) : error C2227: “->RequestDelayedDestruction”的左边必须指向类/结构/联合/泛型类型
D:\CatiaWS\FeaG\TrainFramework\ExtractFeatureM.m\src\ExtractfeatureCmd.cpp(59) : error C2027: 使用了未定义类型“CATPathElementAgent”
        D:\CatiaWS\FeaG\.\TrainFramework\ExtractFeatureM.m\LocalInterfaces\ExtractfeatureCmd.h(12) : 参见“CATPathElementAgent”的声明
D:\CatiaWS\FeaG\TrainFramework\ExtractFeatureM.m\src\ExtractfeatureCmd.cpp(59) : error C2227: “->RequestDelayedDestruction”的左边必须指向类/结构/联合/泛型类型
D:\CatiaWS\FeaG\TrainFramework\ExtractFeatureM.m\src\ExtractfeatureCmd.cpp(62) : error C2027: 使用了未定义类型“CATPathElementAgent”
        D:\CatiaWS\FeaG\.\TrainFramework\ExtractFeatureM.m\LocalInterfaces\ExtractfeatureCmd.h(12) : 参见“CATPathElementAgent”的声明
D:\CatiaWS\FeaG\TrainFramework\ExtractFeatureM.m\src\ExtractfeatureCmd.cpp(62) : error C2227: “->RequestDelayedDestruction”的左边必须指向类/结构/联合/泛型类型
D:\CatiaWS\FeaG\TrainFramework\ExtractFeatureM.m\src\ExtractfeatureCmd.cpp(65) : error C2027: 使用了未定义类型“CATPathElementAgent”
        D:\CatiaWS\FeaG\.\TrainFramework\ExtractFeatureM.m\LocalInterfaces\ExtractfeatureCmd.h(12) : 参见“CATPathElementAgent”的声明
D:\CatiaWS\FeaG\TrainFramework\ExtractFeatureM.m\src\ExtractfeatureCmd.cpp(65) : error C2227: “->RequestDelayedDestruction”的左边必须指向类/结构/联合/泛型类型
D:\CatiaWS\FeaG\TrainFramework\ExtractFeatureM.m\src\ExtractfeatureCmd.cpp(75) : error C2514: “CATPathElementAgent”: 类没有构造函数
        D:\CatiaWS\FeaG\.\TrainFramework\ExtractFeatureM.m\LocalInterfaces\ExtractfeatureCmd.h(12) : 参见“CATPathElementAgent”的声明
D:\CatiaWS\FeaG\TrainFramework\ExtractFeatureM.m\src\ExtractfeatureCmd.cpp(76) : error C2027: 使用了未定义类型“CATPathElementAgent”
        D:\CatiaWS\FeaG\.\TrainFramework\ExtractFeatureM.m\LocalInterfaces\ExtractfeatureCmd.h(12) : 参见“CATPathElementAgent”的声明
D:\CatiaWS\FeaG\TrainFramework\ExtractFeatureM.m\src\ExtractfeatureCmd.cpp(76) : error C2227: “->AddElementType”的左边必须指向类/结构/联合/泛型类型
D:\CatiaWS\FeaG\TrainFramework\ExtractFeatureM.m\src\ExtractfeatureCmd.cpp(76) : error C2065: “IID_CATCircle”: 未声明的标识符
D:\CatiaWS\FeaG\TrainFramework\ExtractFeatureM.m\src\ExtractfeatureCmd.cpp(77) : error C2027: 使用了未定义类型“CATPathElementAgent”
        D:\CatiaWS\FeaG\.\TrainFramework\ExtractFeatureM.m\LocalInterfaces\ExtractfeatureCmd.h(12) : 参见“CATPathElementAgent”的声明
D:\CatiaWS\FeaG\TrainFramework\ExtractFeatureM.m\src\ExtractfeatureCmd.cpp(77) : error C2227: “->SetBehavior”的左边必须指向类/结构/联合/泛型类型
D:\CatiaWS\FeaG\TrainFramework\ExtractFeatureM.m\src\ExtractfeatureCmd.cpp(79) : error C2514: “CATPathElementAgent”: 类没有构造函数
        D:\CatiaWS\FeaG\.\TrainFramework\ExtractFeatureM.m\LocalInterfaces\ExtractfeatureCmd.h(12) : 参见“CATPathElementAgent”的声明
D:\CatiaWS\FeaG\TrainFramework\ExtractFeatureM.m\src\ExtractfeatureCmd.cpp(80) : error C2027: 使用了未定义类型“CATPathElementAgent”
        D:\CatiaWS\FeaG\.\TrainFramework\ExtractFeatureM.m\LocalInterfaces\ExtractfeatureCmd.h(12) : 参见“CATPathElementAgent”的声明
D:\CatiaWS\FeaG\TrainFramework\ExtractFeatureM.m\src\ExtractfeatureCmd.cpp(80) : error C2227: “->AddElementType”的左边必须指向类/结构/联合/泛型类型
D:\CatiaWS\FeaG\TrainFramework\ExtractFeatureM.m\src\ExtractfeatureCmd.cpp(80) : error C2065: “IID_CATLine”: 未声明的标识符
D:\CatiaWS\FeaG\TrainFramework\ExtractFeatureM.m\src\ExtractfeatureCmd.cpp(81) : error C2027: 使用了未定义类型“CATPathElementAgent”
        D:\CatiaWS\FeaG\.\TrainFramework\ExtractFeatureM.m\LocalInterfaces\ExtractfeatureCmd.h(12) : 参见“CATPathElementAgent”的声明
D:\CatiaWS\FeaG\TrainFramework\ExtractFeatureM.m\src\ExtractfeatureCmd.cpp(81) : error C2227: “->SetBehavior”的左边必须指向类/结构/联合/泛型类型
D:\CatiaWS\FeaG\TrainFramework\ExtractFeatureM.m\src\ExtractfeatureCmd.cpp(83) : error C2514: “CATPathElementAgent”: 类没有构造函数
        D:\CatiaWS\FeaG\.\TrainFramework\ExtractFeatureM.m\LocalInterfaces\ExtractfeatureCmd.h(12) : 参见“CATPathElementAgent”的声明
D:\CatiaWS\FeaG\TrainFramework\ExtractFeatureM.m\src\ExtractfeatureCmd.cpp(84) : error C2027: 使用了未定义类型“CATPathElementAgent”
        D:\CatiaWS\FeaG\.\TrainFramework\ExtractFeatureM.m\LocalInterfaces\ExtractfeatureCmd.h(12) : 参见“CATPathElementAgent”的声明
D:\CatiaWS\FeaG\TrainFramework\ExtractFeatureM.m\src\ExtractfeatureCmd.cpp(84) : error C2227: “->AddElementType”的左边必须指向类/结构/联合/泛型类型
D:\CatiaWS\FeaG\TrainFramework\ExtractFeatureM.m\src\ExtractfeatureCmd.cpp(84) : error C2065: “IID_CATPlane”: 未声明的标识符
D:\CatiaWS\FeaG\TrainFramework\ExtractFeatureM.m\src\ExtractfeatureCmd.cpp(85) : error C2027: 使用了未定义类型“CATPathElementAgent”
        D:\CatiaWS\FeaG\.\TrainFramework\ExtractFeatureM.m\LocalInterfaces\ExtractfeatureCmd.h(12) : 参见“CATPathElementAgent”的声明
D:\CatiaWS\FeaG\TrainFramework\ExtractFeatureM.m\src\ExtractfeatureCmd.cpp(85) : error C2227: “->SetBehavior”的左边必须指向类/结构/联合/泛型类型
D:\CatiaWS\FeaG\TrainFramework\ExtractFeatureM.m\src\ExtractfeatureCmd.cpp(87) : error C2514: “CATPathElementAgent”: 类没有构造函数
        D:\CatiaWS\FeaG\.\TrainFramework\ExtractFeatureM.m\LocalInterfaces\ExtractfeatureCmd.h(12) : 参见“CATPathElementAgent”的声明
D:\CatiaWS\FeaG\TrainFramework\ExtractFeatureM.m\src\ExtractfeatureCmd.cpp(88) : error C2027: 使用了未定义类型“CATPathElementAgent”
        D:\CatiaWS\FeaG\.\TrainFramework\ExtractFeatureM.m\LocalInterfaces\ExtractfeatureCmd.h(12) : 参见“CATPathElementAgent”的声明
D:\CatiaWS\FeaG\TrainFramework\ExtractFeatureM.m\src\ExtractfeatureCmd.cpp(88) : error C2227: “->AddElementType”的左边必须指向类/结构/联合/泛型类型
D:\CatiaWS\FeaG\TrainFramework\ExtractFeatureM.m\src\ExtractfeatureCmd.cpp(88) : error C2065: “IID_CATPoint”: 未声明的标识符
D:\CatiaWS\FeaG\TrainFramework\ExtractFeatureM.m\src\ExtractfeatureCmd.cpp(89) : error C2027: 使用了未定义类型“CATPathElementAgent”
        D:\CatiaWS\FeaG\.\TrainFramework\ExtractFeatureM.m\LocalInterfaces\ExtractfeatureCmd.h(12) : 参见“CATPathElementAgent”的声明
D:\CatiaWS\FeaG\TrainFramework\ExtractFeatureM.m\src\ExtractfeatureCmd.cpp(89) : error C2227: “->SetBehavior”的左边必须指向类/结构/联合/泛型类型
D:\CatiaWS\FeaG\TrainFramework\ExtractFeatureM.m\src\ExtractfeatureCmd.cpp(91) : error C2514: “CATPathElementAgent”: 类没有构造函数
        D:\CatiaWS\FeaG\.\TrainFramework\ExtractFeatureM.m\LocalInterfaces\ExtractfeatureCmd.h(12) : 参见“CATPathElementAgent”的声明
D:\CatiaWS\FeaG\TrainFramework\ExtractFeatureM.m\src\ExtractfeatureCmd.cpp(92) : error C2027: 使用了未定义类型“CATPathElementAgent”
        D:\CatiaWS\FeaG\.\TrainFramework\ExtractFeatureM.m\LocalInterfaces\ExtractfeatureCmd.h(12) : 参见“CATPathElementAgent”的声明
D:\CatiaWS\FeaG\TrainFramework\ExtractFeatureM.m\src\ExtractfeatureCmd.cpp(92) : error C2227: “->AddElementType”的左边必须指向类/结构/联合/泛型类型
D:\CatiaWS\FeaG\TrainFramework\ExtractFeatureM.m\src\ExtractfeatureCmd.cpp(93) : error C2027: 使用了未定义类型“CATPathElementAgent”
        D:\CatiaWS\FeaG\.\TrainFramework\ExtractFeatureM.m\LocalInterfaces\ExtractfeatureCmd.h(12) : 参见“CATPathElementAgent”的声明
D:\CatiaWS\FeaG\TrainFramework\ExtractFeatureM.m\src\ExtractfeatureCmd.cpp(93) : error C2227: “->SetBehavior”的左边必须指向类/结构/联合/泛型类型
D:\CatiaWS\FeaG\TrainFramework\ExtractFeatureM.m\src\ExtractfeatureCmd.cpp(127) : error C2664: “CATDialogState::AddDialogAgent”: 不能将参数 1 从“CATPathElementAgent *”转换为“CATCommand *”
        与指向的类型无关；转换要求 reinterpret_cast、C 样式转换或函数样式转换
D:\CatiaWS\FeaG\TrainFramework\ExtractFeatureM.m\src\ExtractfeatureCmd.cpp(130) : error C2664: “CATDialogState::AddDialogAgent”: 不能将参数 1 从“CATPathElementAgent *”转换为“CATCommand *”
        与指向的类型无关；转换要求 reinterpret_cast、C 样式转换或函数样式转换
D:\CatiaWS\FeaG\TrainFramework\ExtractFeatureM.m\src\ExtractfeatureCmd.cpp(133) : error C2664: “CATDialogState::AddDialogAgent”: 不能将参数 1 从“CATPathElementAgent *”转换为“CATCommand *”
        与指向的类型无关；转换要求 reinterpret_cast、C 样式转换或函数样式转换
D:\CatiaWS\FeaG\TrainFramework\ExtractFeatureM.m\src\ExtractfeatureCmd.cpp(136) : error C2664: “CATDialogState::AddDialogAgent”: 不能将参数 1 从“CATPathElementAgent *”转换为“CATCommand *”
        与指向的类型无关；转换要求 reinterpret_cast、C 样式转换或函数样式转换
D:\CatiaWS\FeaG\TrainFramework\ExtractFeatureM.m\src\ExtractfeatureCmd.cpp(139) : error C2664: “CATDialogState::AddDialogAgent”: 不能将参数 1 从“CATPathElementAgent *”转换为“CATCommand *”
        与指向的类型无关；转换要求 reinterpret_cast、C 样式转换或函数样式转换
D:\CatiaWS\FeaG\TrainFramework\ExtractFeatureM.m\src\ExtractfeatureCmd.cpp(146) : error C2664: “CATStateCommand::IsOutputSetCondition”: 不能将参数 1 从“CATPathElementAgent *”转换为“CATCommand *”
        与指向的类型无关；转换要求 reinterpret_cast、C 样式转换或函数样式转换
D:\CatiaWS\FeaG\TrainFramework\ExtractFeatureM.m\src\ExtractfeatureCmd.cpp(154) : error C2664: “CATStateCommand::IsOutputSetCondition”: 不能将参数 1 从“CATPathElementAgent *”转换为“CATCommand *”
        与指向的类型无关；转换要求 reinterpret_cast、C 样式转换或函数样式转换
D:\CatiaWS\FeaG\TrainFramework\ExtractFeatureM.m\src\ExtractfeatureCmd.cpp(162) : error C2664: “CATStateCommand::IsOutputSetCondition”: 不能将参数 1 从“CATPathElementAgent *”转换为“CATCommand *”
        与指向的类型无关；转换要求 reinterpret_cast、C 样式转换或函数样式转换
D:\CatiaWS\FeaG\TrainFramework\ExtractFeatureM.m\src\ExtractfeatureCmd.cpp(170) : error C2664: “CATStateCommand::IsOutputSetCondition”: 不能将参数 1 从“CATPathElementAgent *”转换为“CATCommand *”
        与指向的类型无关；转换要求 reinterpret_cast、C 样式转换或函数样式转换
D:\CatiaWS\FeaG\TrainFramework\ExtractFeatureM.m\src\ExtractfeatureCmd.cpp(178) : error C2664: “CATStateCommand::IsOutputSetCondition”: 不能将参数 1 从“CATPathElementAgent *”转换为“CATCommand *”
        与指向的类型无关；转换要求 reinterpret_cast、C 样式转换或函数样式转换
D:\CatiaWS\FeaG\TrainFramework\ExtractFeatureM.m\src\ExtractfeatureCmd.cpp(198) : error C2065: “CATPathElement”: 未声明的标识符
D:\CatiaWS\FeaG\TrainFramework\ExtractFeatureM.m\src\ExtractfeatureCmd.cpp(198) : error C2065: “pModelPath”: 未声明的标识符
D:\CatiaWS\FeaG\TrainFramework\ExtractFeatureM.m\src\ExtractfeatureCmd.cpp(198) : error C2027: 使用了未定义类型“CATPathElementAgent”
        D:\CatiaWS\FeaG\.\TrainFramework\ExtractFeatureM.m\LocalInterfaces\ExtractfeatureCmd.h(12) : 参见“CATPathElementAgent”的声明
D:\CatiaWS\FeaG\TrainFramework\ExtractFeatureM.m\src\ExtractfeatureCmd.cpp(198) : error C2227: “->GetValue”的左边必须指向类/结构/联合/泛型类型
D:\CatiaWS\FeaG\TrainFramework\ExtractFeatureM.m\src\ExtractfeatureCmd.cpp(200) : error C2227: “->GetSize”的左边必须指向类/结构/联合/泛型类型
        类型是“'unknown-type'”
D:\CatiaWS\FeaG\TrainFramework\ExtractFeatureM.m\src\ExtractfeatureCmd.cpp(202) : error C2227: “->GetSize”的左边必须指向类/结构/联合/泛型类型
        类型是“'unknown-type'”
D:\CatiaWS\FeaG\TrainFramework\ExtractFeatureM.m\src\ExtractfeatureCmd.cpp(208) : error C2065: “CATCircle”: 未声明的标识符
D:\CatiaWS\FeaG\TrainFramework\ExtractFeatureM.m\src\ExtractfeatureCmd.cpp(208) : error C2065: “pCircle”: 未声明的标识符
D:\CatiaWS\FeaG\TrainFramework\ExtractFeatureM.m\src\ExtractfeatureCmd.cpp(212) : error C2227: “->GetRadius”的左边必须指向类/结构/联合/泛型类型
        类型是“'unknown-type'”
D:\CatiaWS\FeaG\TrainFramework\ExtractFeatureM.m\src\ExtractfeatureCmd.cpp(213) : error C2227: “->GetStartAngle”的左边必须指向类/结构/联合/泛型类型
        类型是“'unknown-type'”
D:\CatiaWS\FeaG\TrainFramework\ExtractFeatureM.m\src\ExtractfeatureCmd.cpp(214) : error C2227: “->GetEndAngle”的左边必须指向类/结构/联合/泛型类型
        类型是“'unknown-type'”
D:\CatiaWS\FeaG\TrainFramework\ExtractFeatureM.m\src\ExtractfeatureCmd.cpp(215) : error C2227: “->GetOrigin”的左边必须指向类/结构/联合/泛型类型
        类型是“'unknown-type'”
D:\CatiaWS\FeaG\TrainFramework\ExtractFeatureM.m\src\ExtractfeatureCmd.cpp(217) : error C2227: “->Release”的左边必须指向类/结构/联合/泛型类型
        类型是“'unknown-type'”
D:\CatiaWS\FeaG\TrainFramework\ExtractFeatureM.m\src\ExtractfeatureCmd.cpp(223) : error C2027: 使用了未定义类型“CATPathElementAgent”
        D:\CatiaWS\FeaG\.\TrainFramework\ExtractFeatureM.m\LocalInterfaces\ExtractfeatureCmd.h(12) : 参见“CATPathElementAgent”的声明
D:\CatiaWS\FeaG\TrainFramework\ExtractFeatureM.m\src\ExtractfeatureCmd.cpp(223) : error C2227: “->InitializeAcquisition”的左边必须指向类/结构/联合/泛型类型
D:\CatiaWS\FeaG\TrainFramework\ExtractFeatureM.m\src\ExtractfeatureCmd.cpp(235) : error C2065: “pModelPathL”: 未声明的标识符
D:\CatiaWS\FeaG\TrainFramework\ExtractFeatureM.m\src\ExtractfeatureCmd.cpp(235) : error C2027: 使用了未定义类型“CATPathElementAgent”
        D:\CatiaWS\FeaG\.\TrainFramework\ExtractFeatureM.m\LocalInterfaces\ExtractfeatureCmd.h(12) : 参见“CATPathElementAgent”的声明
D:\CatiaWS\FeaG\TrainFramework\ExtractFeatureM.m\src\ExtractfeatureCmd.cpp(235) : error C2227: “->GetValue”的左边必须指向类/结构/联合/泛型类型
D:\CatiaWS\FeaG\TrainFramework\ExtractFeatureM.m\src\ExtractfeatureCmd.cpp(237) : error C2227: “->GetSize”的左边必须指向类/结构/联合/泛型类型
        类型是“'unknown-type'”
D:\CatiaWS\FeaG\TrainFramework\ExtractFeatureM.m\src\ExtractfeatureCmd.cpp(239) : error C2227: “->GetSize”的左边必须指向类/结构/联合/泛型类型
        类型是“'unknown-type'”
D:\CatiaWS\FeaG\TrainFramework\ExtractFeatureM.m\src\ExtractfeatureCmd.cpp(245) : error C2065: “CATLine”: 未声明的标识符
D:\CatiaWS\FeaG\TrainFramework\ExtractFeatureM.m\src\ExtractfeatureCmd.cpp(245) : error C2065: “pLine”: 未声明的标识符
D:\CatiaWS\FeaG\TrainFramework\ExtractFeatureM.m\src\ExtractfeatureCmd.cpp(249) : error C2227: “->GetOrigin”的左边必须指向类/结构/联合/泛型类型
        类型是“'unknown-type'”
D:\CatiaWS\FeaG\TrainFramework\ExtractFeatureM.m\src\ExtractfeatureCmd.cpp(250) : error C2227: “->GetDirection”的左边必须指向类/结构/联合/泛型类型
        类型是“'unknown-type'”
D:\CatiaWS\FeaG\TrainFramework\ExtractFeatureM.m\src\ExtractfeatureCmd.cpp(255) : error C2227: “->Release”的左边必须指向类/结构/联合/泛型类型
        类型是“'unknown-type'”
D:\CatiaWS\FeaG\TrainFramework\ExtractFeatureM.m\src\ExtractfeatureCmd.cpp(261) : error C2027: 使用了未定义类型“CATPathElementAgent”
        D:\CatiaWS\FeaG\.\TrainFramework\ExtractFeatureM.m\LocalInterfaces\ExtractfeatureCmd.h(12) : 参见“CATPathElementAgent”的声明
D:\CatiaWS\FeaG\TrainFramework\ExtractFeatureM.m\src\ExtractfeatureCmd.cpp(261) : error C2227: “->InitializeAcquisition”的左边必须指向类/结构/联合/泛型类型
D:\CatiaWS\FeaG\TrainFramework\ExtractFeatureM.m\src\ExtractfeatureCmd.cpp(274) : error C2027: 使用了未定义类型“CATPathElementAgent”
        D:\CatiaWS\FeaG\.\TrainFramework\ExtractFeatureM.m\LocalInterfaces\ExtractfeatureCmd.h(12) : 参见“CATPathElementAgent”的声明
D:\CatiaWS\FeaG\TrainFramework\ExtractFeatureM.m\src\ExtractfeatureCmd.cpp(274) : error C2227: “->GetValue”的左边必须指向类/结构/联合/泛型类型
D:\CatiaWS\FeaG\TrainFramework\ExtractFeatureM.m\src\ExtractfeatureCmd.cpp(276) : error C2227: “->GetSize”的左边必须指向类/结构/联合/泛型类型
        类型是“'unknown-type'”
D:\CatiaWS\FeaG\TrainFramework\ExtractFeatureM.m\src\ExtractfeatureCmd.cpp(278) : error C2227: “->GetSize”的左边必须指向类/结构/联合/泛型类型
        类型是“'unknown-type'”
D:\CatiaWS\FeaG\TrainFramework\ExtractFeatureM.m\src\ExtractfeatureCmd.cpp(284) : error C2065: “CATPlane”: 未声明的标识符
D:\CatiaWS\FeaG\TrainFramework\ExtractFeatureM.m\src\ExtractfeatureCmd.cpp(284) : error C2065: “pPlane”: 未声明的标识符
D:\CatiaWS\FeaG\TrainFramework\ExtractFeatureM.m\src\ExtractfeatureCmd.cpp(288) : error C2227: “->GetAxis”的左边必须指向类/结构/联合/泛型类型
        类型是“'unknown-type'”
D:\CatiaWS\FeaG\TrainFramework\ExtractFeatureM.m\src\ExtractfeatureCmd.cpp(293) : error C2227: “->Release”的左边必须指向类/结构/联合/泛型类型
        类型是“'unknown-type'”
D:\CatiaWS\FeaG\TrainFramework\ExtractFeatureM.m\src\ExtractfeatureCmd.cpp(299) : error C2027: 使用了未定义类型“CATPathElementAgent”
        D:\CatiaWS\FeaG\.\TrainFramework\ExtractFeatureM.m\LocalInterfaces\ExtractfeatureCmd.h(12) : 参见“CATPathElementAgent”的声明
D:\CatiaWS\FeaG\TrainFramework\ExtractFeatureM.m\src\ExtractfeatureCmd.cpp(299) : error C2227: “->InitializeAcquisition”的左边必须指向类/结构/联合/泛型类型
D:\CatiaWS\FeaG\TrainFramework\ExtractFeatureM.m\src\ExtractfeatureCmd.cpp(307) : error C2027: 使用了未定义类型“CATPathElementAgent”
        D:\CatiaWS\FeaG\.\TrainFramework\ExtractFeatureM.m\LocalInterfaces\ExtractfeatureCmd.h(12) : 参见“CATPathElementAgent”的声明
D:\CatiaWS\FeaG\TrainFramework\ExtractFeatureM.m\src\ExtractfeatureCmd.cpp(307) : error C2227: “->GetValue”的左边必须指向类/结构/联合/泛型类型
D:\CatiaWS\FeaG\TrainFramework\ExtractFeatureM.m\src\ExtractfeatureCmd.cpp(309) : error C2227: “->GetSize”的左边必须指向类/结构/联合/泛型类型
        类型是“'unknown-type'”
D:\CatiaWS\FeaG\TrainFramework\ExtractFeatureM.m\src\ExtractfeatureCmd.cpp(311) : error C2227: “->GetSize”的左边必须指向类/结构/联合/泛型类型
        类型是“'unknown-type'”
D:\CatiaWS\FeaG\TrainFramework\ExtractFeatureM.m\src\ExtractfeatureCmd.cpp(317) : error C2065: “CATPoint”: 未声明的标识符
D:\CatiaWS\FeaG\TrainFramework\ExtractFeatureM.m\src\ExtractfeatureCmd.cpp(317) : error C2065: “pPoint”: 未声明的标识符
D:\CatiaWS\FeaG\TrainFramework\ExtractFeatureM.m\src\ExtractfeatureCmd.cpp(321) : error C2227: “->GetCoord”的左边必须指向类/结构/联合/泛型类型
        类型是“'unknown-type'”
D:\CatiaWS\FeaG\TrainFramework\ExtractFeatureM.m\src\ExtractfeatureCmd.cpp(322) : error C2227: “->Release”的左边必须指向类/结构/联合/泛型类型
        类型是“'unknown-type'”
D:\CatiaWS\FeaG\TrainFramework\ExtractFeatureM.m\src\ExtractfeatureCmd.cpp(328) : error C2027: 使用了未定义类型“CATPathElementAgent”
        D:\CatiaWS\FeaG\.\TrainFramework\ExtractFeatureM.m\LocalInterfaces\ExtractfeatureCmd.h(12) : 参见“CATPathElementAgent”的声明
D:\CatiaWS\FeaG\TrainFramework\ExtractFeatureM.m\src\ExtractfeatureCmd.cpp(328) : error C2227: “->InitializeAcquisition”的左边必须指向类/结构/联合/泛型类型
D:\CatiaWS\FeaG\TrainFramework\ExtractFeatureM.m\src\ExtractfeatureCmd.cpp(336) : error C2027: 使用了未定义类型“CATPathElementAgent”
        D:\CatiaWS\FeaG\.\TrainFramework\ExtractFeatureM.m\LocalInterfaces\ExtractfeatureCmd.h(12) : 参见“CATPathElementAgent”的声明
D:\CatiaWS\FeaG\TrainFramework\ExtractFeatureM.m\src\ExtractfeatureCmd.cpp(336) : error C2227: “->GetValue”的左边必须指向类/结构/联合/泛型类型
D:\CatiaWS\FeaG\TrainFramework\ExtractFeatureM.m\src\ExtractfeatureCmd.cpp(338) : error C2227: “->GetSize”的左边必须指向类/结构/联合/泛型类型
        类型是“'unknown-type'”
D:\CatiaWS\FeaG\TrainFramework\ExtractFeatureM.m\src\ExtractfeatureCmd.cpp(340) : error C2227: “->GetSize”的左边必须指向类/结构/联合/泛型类型
        类型是“'unknown-type'”
D:\CatiaWS\FeaG\TrainFramework\ExtractFeatureM.m\src\ExtractfeatureCmd.cpp(357) : error C2027: 使用了未定义类型“CATPathElementAgent”
        D:\CatiaWS\FeaG\.\TrainFramework\ExtractFeatureM.m\LocalInterfaces\ExtractfeatureCmd.h(12) : 参见“CATPathElementAgent”的声明
D:\CatiaWS\FeaG\TrainFramework\ExtractFeatureM.m\src\ExtractfeatureCmd.cpp(357) : fatal error C1003: 错误计数超过 100；正在停止编译
# make-ERROR: TrainFramework\ExtractFeatureM.m\src\ExtractfeatureCmd.cpp
## end   step: compilation   at 01/15/2026-17:27:26

## start step: sourceruler   at 01/15/2026-17:27:26
## end   step: sourceruler   at 01/15/2026-17:27:26

## start step: link1st   at 01/15/2026-17:27:26
# make: TrainFramework\ExtractFeatureM.m win_b64\code\lib\ExtractFeatureM.lib
# syst-ERROR: D:\CatiaWS\FeaG\.\TrainFramework\ExtractFeatureM.m\Objects\win_b64\ExtractfeatureCmd.obj: No such file or directory
# make-ERROR: win_b64\code\lib\ExtractFeatureM.lib
## end   step: link1st   at 01/15/2026-17:27:26

## start step: link2nd   at 01/15/2026-17:27:26
# make: TrainFramework\ExtractFeatureM.m win_b64\code\bin\ExtractFeatureM.dll
# syst-ERROR: D:\CatiaWS\FeaG\.\TrainFramework\ExtractFeatureM.m\Objects\win_b64\ExtractfeatureCmd.obj: No such file or directory
# syst-ERROR: D:\CatiaWS\FeaG\.\win_b64\code\lib\ExtractFeatureM.exp: No such file or directory
# make-ERROR: win_b64\code\bin\ExtractFeatureM.dll
## end   step: link2nd   at 01/15/2026-17:27:26

## start step: dummynls   at 01/15/2026-17:27:26
## end   step: dummynls   at 01/15/2026-17:27:26
