mkmk  -u -g  PointCmd.m
2026/1/9 19:18:07

## start step: CIbuild   at 01/09/2026-19:18:07
## end   step: CIbuild   at 01/09/2026-19:18:07

## start step: DataUpdate   at 01/09/2026-19:18:07
# make:  TrainFramework\IdentityCard\Objects\win_b64\.mkdata.mk
## end   step: DataUpdate   at 01/09/2026-19:18:07

## start step: DataUpdate   at 01/09/2026-19:18:07
# make:  TrainFramework\PointCmd.m\Objects\win_b64\.mkdata.mk
## end   step: DataUpdate   at 01/09/2026-19:18:07

## start step: CIcompilation   at 01/09/2026-19:18:07
## end   step: CIcompilation   at 01/09/2026-19:18:07

## start step: headerlist   at 01/09/2026-19:18:07
## end   step: headerlist   at 01/09/2026-19:18:07

## start step: headermap   at 01/09/2026-19:18:07
## end   step: headermap   at 01/09/2026-19:18:08

## start step: fwgrammar   at 01/09/2026-19:18:08
## end   step: fwgrammar   at 01/09/2026-19:18:08

## start step: grammar1st   at 01/09/2026-19:18:08
## end   step: grammar1st   at 01/09/2026-19:18:08

## start step: headerlist   at 01/09/2026-19:18:08
## end   step: headerlist   at 01/09/2026-19:18:08

## start step: headermap   at 01/09/2026-19:18:08
## end   step: headermap   at 01/09/2026-19:18:08

## start step: grammar2nd   at 01/09/2026-19:18:08
## end   step: grammar2nd   at 01/09/2026-19:18:08

## start step: typelibgrammar   at 01/09/2026-19:18:08
## end   step: typelibgrammar   at 01/09/2026-19:18:08

## start step: headerlist   at 01/09/2026-19:18:08
## end   step: headerlist   at 01/09/2026-19:18:08

## start step: headermap   at 01/09/2026-19:18:08
## end   step: headermap   at 01/09/2026-19:18:08

## start step: headerruler   at 01/09/2026-19:18:08
## end   step: headerruler   at 01/09/2026-19:18:08

## start step: compilation   at 01/09/2026-19:18:08
# make:  TrainFramework\PointCmd.m\src\PointDlgCmd.cpp
PointDlgCmd.cpp
D:\Program Files\Dassault Systemes\B18\.\DialogEngine\PublicInterfaces\CATStateCommand.h(742) : warning C4819: 该文件包含不能在当前代码页(936)中表示的字符。请将该文件保存为 Unicode 格式以防止数据丢失
D:\CatiaWS\FeaG\TrainFramework\PointCmd.m\src\PointDlgCmd.cpp(614) : error C2059: 语法错误 : “if”
D:\CatiaWS\FeaG\TrainFramework\PointCmd.m\src\PointDlgCmd.cpp(615) : error C2143: 语法错误 : 缺少“;”(在“{”的前面)
D:\CatiaWS\FeaG\TrainFramework\PointCmd.m\src\PointDlgCmd.cpp(615) : error C2447: “{”: 缺少函数标题(是否是老式的形式表?)
# make-ERROR: TrainFramework\PointCmd.m\src\PointDlgCmd.cpp
## end   step: compilation   at 01/09/2026-19:18:08

## start step: sourceruler   at 01/09/2026-19:18:08
## end   step: sourceruler   at 01/09/2026-19:18:08

## start step: link1st   at 01/09/2026-19:18:08
# make: TrainFramework\PointCmd.m win_b64\code\lib\PointCmd.lib
# syst-ERROR: D:\CatiaWS\FeaG\.\TrainFramework\PointCmd.m\Objects\win_b64\PointDlgCmd.obj: No such file or directory
# make-ERROR: win_b64\code\lib\PointCmd.lib
## end   step: link1st   at 01/09/2026-19:18:08

## start step: link2nd   at 01/09/2026-19:18:08
# syst-ERROR: D:\CatiaWS\FeaG\.\TrainFramework\PointCmd.m\Objects\win_b64\PointDlgCmd.obj: No such file or directory
# syst-ERROR: D:\CatiaWS\FeaG\.\win_b64\code\lib\PointCmd.exp: No such file or directory
# make-ERROR: win_b64\code\bin\PointCmd.dll
# make: TrainFramework\PointCmd.m win_b64\code\bin\PointCmd.dll
## end   step: link2nd   at 01/09/2026-19:18:08

## start step: dummynls   at 01/09/2026-19:18:08
## end   step: dummynls   at 01/09/2026-19:18:08
