mkmk  -u -g  ExtractFeatureM.m
2026/1/15 14:16:04

## start step: CIbuild   at 01/15/2026-14:16:04
## end   step: CIbuild   at 01/15/2026-14:16:04

## start step: DataUpdate   at 01/15/2026-14:16:04
# make:  TrainFramework\IdentityCard\Objects\win_b64\.mkdata.mk
## end   step: DataUpdate   at 01/15/2026-14:16:04

## start step: DataUpdate   at 01/15/2026-14:16:04
# make:  TrainFramework\ExtractFeatureM.m\Objects\win_b64\.mkdata.mk
## end   step: DataUpdate   at 01/15/2026-14:16:04

## start step: CIcompilation   at 01/15/2026-14:16:04
## end   step: CIcompilation   at 01/15/2026-14:16:04

## start step: headerlist   at 01/15/2026-14:16:04
## end   step: headerlist   at 01/15/2026-14:16:04

## start step: headermap   at 01/15/2026-14:16:04
## end   step: headermap   at 01/15/2026-14:16:04

## start step: fwgrammar   at 01/15/2026-14:16:04
## end   step: fwgrammar   at 01/15/2026-14:16:04

## start step: grammar1st   at 01/15/2026-14:16:04
## end   step: grammar1st   at 01/15/2026-14:16:04

## start step: headerlist   at 01/15/2026-14:16:04
## end   step: headerlist   at 01/15/2026-14:16:04

## start step: headermap   at 01/15/2026-14:16:04
## end   step: headermap   at 01/15/2026-14:16:04

## start step: grammar2nd   at 01/15/2026-14:16:04
## end   step: grammar2nd   at 01/15/2026-14:16:04

## start step: typelibgrammar   at 01/15/2026-14:16:04
## end   step: typelibgrammar   at 01/15/2026-14:16:04

## start step: headerlist   at 01/15/2026-14:16:04
## end   step: headerlist   at 01/15/2026-14:16:04

## start step: headermap   at 01/15/2026-14:16:04
## end   step: headermap   at 01/15/2026-14:16:04

## start step: headerruler   at 01/15/2026-14:16:04
## end   step: headerruler   at 01/15/2026-14:16:04

## start step: compilation   at 01/15/2026-14:16:04
# make:  TrainFramework\ExtractFeatureM.m\src\ExtractfeatureCmd.cpp
ExtractfeatureCmd.cpp
D:\Program Files\Dassault Systemes\B18\.\DialogEngine\PublicInterfaces\CATStateCommand.h(742) : warning C4819: 该文件包含不能在当前代码页(936)中表示的字符。请将该文件保存为 Unicode 格式以防止数据丢失
D:\CatiaWS\FeaG\TrainFramework\ExtractFeatureM.m\src\ExtractfeatureCmd.cpp(701) : error C2678: 二进制“+”: 没有找到接受“std::basic_string<_Elem,_Traits,_Ax>”类型的左操作数的运算符(或没有可接受的转换)
        with
        [
            _Elem=wchar_t,
            _Traits=std::char_traits<wchar_t>,
            _Ax=std::allocator<wchar_t>
        ]
        D:\Program Files\Dassault Systemes\B18\.\System\PublicInterfaces\CATString.h(232): 可能是“CATString operator +(const char *,const CATString &)”
        D:\Program Files\Dassault Systemes\B18\.\System\PublicInterfaces\CATUnicodeString.h(1303): 或“CATUnicodeString operator +(const char *,const CATUnicodeString &)”
        d:\program files\dassault systemes\b18\mathematics\publicinterfaces\CATMathPoint.h(233): 或“CATMathPoint operator +(const CATMathPoint &,const CATMathVector &)”
        d:\program files\dassault systemes\b18\mathematics\publicinterfaces\CATMathPoint.h(294): 或“CATMathPoint operator +(const CATMathPoint &,const CATMathPoint &)”
        d:\program files\dassault systemes\b18\mathematics\publicinterfaces\CATMathVector.h(225): 或“CATMathVector operator +(const CATMathVector &,const CATMathVector &)”
        d:\program files\dassault systemes\b18\mathematics\publicinterfaces\CATMath3x3Matrix.h(309): 或“CATMath3x3Matrix operator +(const CATMath3x3Matrix &,const CATMath3x3Matrix &)”
        d:\program files\dassault systemes\b18\advancedmathematics\publicinterfaces\CATMathInterval.h(382): 或“CATMathInterval operator +(const CATMathInterval &,const CATMathInterval &)”
        d:\program files\dassault systemes\b18\advancedmathematics\publicinterfaces\CATMathInterval.h(462): 或“CATMathInterval operator +(const double &,const CATMathInterval &)”
        d:\program files\dassault systemes\b18\advancedmathematics\publicinterfaces\CATMathInterval.h(470): 或“CATMathInterval operator +(const CATMathInterval &,const double &)”
        试图匹配参数列表“(std::basic_string<_Elem,_Traits,_Ax>, const unsigned short [19])”时
        with
        [
            _Elem=wchar_t,
            _Traits=std::char_traits<wchar_t>,
            _Ax=std::allocator<wchar_t>
        ]
D:\CatiaWS\FeaG\TrainFramework\ExtractFeatureM.m\src\ExtractfeatureCmd.cpp(637) : error C2440: “初始化”: 无法从“const char *”转换为“char *”
        转换丢失限定符
# make-ERROR: TrainFramework\ExtractFeatureM.m\src\ExtractfeatureCmd.cpp
## end   step: compilation   at 01/15/2026-14:16:05

## start step: sourceruler   at 01/15/2026-14:16:05
## end   step: sourceruler   at 01/15/2026-14:16:05

## start step: link1st   at 01/15/2026-14:16:05
# make: TrainFramework\ExtractFeatureM.m win_b64\code\lib\ExtractFeatureM.lib
# syst-ERROR: D:\CatiaWS\FeaG\.\TrainFramework\ExtractFeatureM.m\Objects\win_b64\ExtractfeatureCmd.obj: No such file or directory
# make-ERROR: win_b64\code\lib\ExtractFeatureM.lib
## end   step: link1st   at 01/15/2026-14:16:05

## start step: link2nd   at 01/15/2026-14:16:05
# syst-ERROR: D:\CatiaWS\FeaG\.\TrainFramework\ExtractFeatureM.m\Objects\win_b64\ExtractfeatureCmd.obj: No such file or directory
# syst-ERROR: D:\CatiaWS\FeaG\.\win_b64\code\lib\ExtractFeatureM.exp: No such file or directory
# make-ERROR: win_b64\code\bin\ExtractFeatureM.dll
# make: TrainFramework\ExtractFeatureM.m win_b64\code\bin\ExtractFeatureM.dll
## end   step: link2nd   at 01/15/2026-14:16:05

## start step: dummynls   at 01/15/2026-14:16:05
## end   step: dummynls   at 01/15/2026-14:16:05
