mkmk  -u -g  PointCmd.m
2026/1/8 15:47:06

## start step: CIbuild   at 01/08/2026-15:47:06
## end   step: CIbuild   at 01/08/2026-15:47:06

## start step: DataUpdate   at 01/08/2026-15:47:06
# make:  TrainFramework\IdentityCard\Objects\win_b64\.mkdata.mk
## end   step: DataUpdate   at 01/08/2026-15:47:06

## start step: DataUpdate   at 01/08/2026-15:47:06
# make:  TrainFramework\PointCmd.m\Objects\win_b64\.mkdata.mk
## end   step: DataUpdate   at 01/08/2026-15:47:06

## start step: CIcompilation   at 01/08/2026-15:47:06
## end   step: CIcompilation   at 01/08/2026-15:47:06

## start step: headerlist   at 01/08/2026-15:47:06
## end   step: headerlist   at 01/08/2026-15:47:06

## start step: headermap   at 01/08/2026-15:47:06
## end   step: headermap   at 01/08/2026-15:47:06

## start step: fwgrammar   at 01/08/2026-15:47:06
## end   step: fwgrammar   at 01/08/2026-15:47:06

## start step: grammar1st   at 01/08/2026-15:47:06
## end   step: grammar1st   at 01/08/2026-15:47:06

## start step: headerlist   at 01/08/2026-15:47:06
## end   step: headerlist   at 01/08/2026-15:47:06

## start step: headermap   at 01/08/2026-15:47:06
## end   step: headermap   at 01/08/2026-15:47:06

## start step: grammar2nd   at 01/08/2026-15:47:06
## end   step: grammar2nd   at 01/08/2026-15:47:06

## start step: typelibgrammar   at 01/08/2026-15:47:06
## end   step: typelibgrammar   at 01/08/2026-15:47:06

## start step: headerlist   at 01/08/2026-15:47:06
## end   step: headerlist   at 01/08/2026-15:47:06

## start step: headermap   at 01/08/2026-15:47:06
## end   step: headermap   at 01/08/2026-15:47:06

## start step: headerruler   at 01/08/2026-15:47:06
## end   step: headerruler   at 01/08/2026-15:47:06

## start step: compilation   at 01/08/2026-15:47:06
# make:  TrainFramework\PointCmd.m\src\PointDlgCmd.cpp
PointDlgCmd.cpp
D:\Program Files\Dassault Systemes\B18\.\DialogEngine\PublicInterfaces\CATStateCommand.h(742) : warning C4819: 该文件包含不能在当前代码页(936)中表示的字符。请将该文件保存为 Unicode 格式以防止数据丢失
D:\CatiaWS\FeaG\TrainFramework\PointCmd.m\src\PointDlgCmd.cpp(538) : error C2664: “CATCreateExternalObject”: 不能将参数 2 从“IID”转换为“const char *”
        没有可用于执行该转换的用户定义的转换运算符，或者无法调用该运算符
D:\CatiaWS\FeaG\TrainFramework\PointCmd.m\src\PointDlgCmd.cpp(555) : error C2660: “CATI2DWFFactory::CreatePoint”: 函数不接受 3 个参数
# make-ERROR: TrainFramework\PointCmd.m\src\PointDlgCmd.cpp
## end   step: compilation   at 01/08/2026-15:47:07

## start step: sourceruler   at 01/08/2026-15:47:07
## end   step: sourceruler   at 01/08/2026-15:47:07

## start step: link1st   at 01/08/2026-15:47:07
# make: TrainFramework\PointCmd.m win_b64\code\lib\PointCmd.lib
# syst-ERROR: D:\CatiaWS\FeaG\.\TrainFramework\PointCmd.m\Objects\win_b64\PointDlgCmd.obj: No such file or directory
# make-ERROR: win_b64\code\lib\PointCmd.lib
## end   step: link1st   at 01/08/2026-15:47:07

## start step: link2nd   at 01/08/2026-15:47:07
# make: TrainFramework\PointCmd.m win_b64\code\bin\PointCmd.dll
# syst-ERROR: D:\CatiaWS\FeaG\.\TrainFramework\PointCmd.m\Objects\win_b64\PointDlgCmd.obj: No such file or directory
# syst-ERROR: D:\CatiaWS\FeaG\.\win_b64\code\lib\PointCmd.exp: No such file or directory
# make-ERROR: win_b64\code\bin\PointCmd.dll
## end   step: link2nd   at 01/08/2026-15:47:07

## start step: dummynls   at 01/08/2026-15:47:07
## end   step: dummynls   at 01/08/2026-15:47:07
