mkmk  -u -g  ExtractFeatureM.m
2026/1/14 17:24:52

## start step: CIbuild   at 01/14/2026-17:24:52
## end   step: CIbuild   at 01/14/2026-17:24:52

## start step: DataUpdate   at 01/14/2026-17:24:52
# make:  TrainFramework\IdentityCard\Objects\win_b64\.mkdata.mk
## end   step: DataUpdate   at 01/14/2026-17:24:52

## start step: DataUpdate   at 01/14/2026-17:24:52
# make:  TrainFramework\ExtractFeatureM.m\Objects\win_b64\.mkdata.mk
## end   step: DataUpdate   at 01/14/2026-17:24:52

## start step: CIcompilation   at 01/14/2026-17:24:52
## end   step: CIcompilation   at 01/14/2026-17:24:52

## start step: headerlist   at 01/14/2026-17:24:52
## end   step: headerlist   at 01/14/2026-17:24:52

## start step: headermap   at 01/14/2026-17:24:52
## end   step: headermap   at 01/14/2026-17:24:52

## start step: fwgrammar   at 01/14/2026-17:24:52
## end   step: fwgrammar   at 01/14/2026-17:24:52

## start step: grammar1st   at 01/14/2026-17:24:52
## end   step: grammar1st   at 01/14/2026-17:24:52

## start step: headerlist   at 01/14/2026-17:24:52
## end   step: headerlist   at 01/14/2026-17:24:52

## start step: headermap   at 01/14/2026-17:24:52
## end   step: headermap   at 01/14/2026-17:24:52

## start step: grammar2nd   at 01/14/2026-17:24:52
## end   step: grammar2nd   at 01/14/2026-17:24:52

## start step: typelibgrammar   at 01/14/2026-17:24:52
## end   step: typelibgrammar   at 01/14/2026-17:24:52

## start step: headerlist   at 01/14/2026-17:24:52
## end   step: headerlist   at 01/14/2026-17:24:52

## start step: headermap   at 01/14/2026-17:24:52
## end   step: headermap   at 01/14/2026-17:24:52

## start step: headerruler   at 01/14/2026-17:24:52
## end   step: headerruler   at 01/14/2026-17:24:52

## start step: compilation   at 01/14/2026-17:24:52
# make:  TrainFramework\ExtractFeatureM.m\src\ExtractfeatureCmd.cpp
ExtractfeatureCmd.cpp
D:\Program Files\Dassault Systemes\B18\.\DialogEngine\PublicInterfaces\CATStateCommand.h(742) : warning C4819: 该文件包含不能在当前代码页(936)中表示的字符。请将该文件保存为 Unicode 格式以防止数据丢失
## end   step: compilation   at 01/14/2026-17:24:53

## start step: sourceruler   at 01/14/2026-17:24:53
## end   step: sourceruler   at 01/14/2026-17:24:53

## start step: link1st   at 01/14/2026-17:24:53
# make: TrainFramework\ExtractFeatureM.m win_b64\code\lib\ExtractFeatureM.lib
   正在创建库 D:\CatiaWS\FeaG\.\win_b64\code\lib\ExtractFeatureM.lib 和对象 D:\CatiaWS\FeaG\.\win_b64\code\lib\ExtractFeatureM.exp
## end   step: link1st   at 01/14/2026-17:24:53

## start step: link2nd   at 01/14/2026-17:24:53
# make: TrainFramework\ExtractFeatureM.m win_b64\code\bin\ExtractFeatureM.dll
ExtractfeatureCmd.obj : error LNK2001: 无法解析的外部符号 "__declspec(dllimport) struct _GUID IID_CATIProduct" (__imp_?IID_CATIProduct@@3U_GUID@@A)
ExtractfeatureCmd.obj : error LNK2001: 无法解析的外部符号 "__declspec(dllimport) struct _GUID IID_CATPoint" (__imp_?IID_CATPoint@@3U_GUID@@A)
ExtractfeatureCmd.obj : error LNK2001: 无法解析的外部符号 "__declspec(dllimport) struct _GUID IID_CATPlane" (__imp_?IID_CATPlane@@3U_GUID@@A)
ExtractfeatureCmd.obj : error LNK2001: 无法解析的外部符号 "__declspec(dllimport) struct _GUID IID_CATLine" (__imp_?IID_CATLine@@3U_GUID@@A)
ExtractfeatureCmd.obj : error LNK2001: 无法解析的外部符号 "__declspec(dllimport) struct _GUID IID_CATCircle" (__imp_?IID_CATCircle@@3U_GUID@@A)
D:\CatiaWS\FeaG\.\win_b64\code\bin\ExtractFeatureM.dll : fatal error LNK1120: 5 个无法解析的外部命令
# make-ERROR: win_b64\code\bin\ExtractFeatureM.dll
## end   step: link2nd   at 01/14/2026-17:24:53

## start step: dummynls   at 01/14/2026-17:24:53
## end   step: dummynls   at 01/14/2026-17:24:53
