mkmk  -u -g  ExtractFeatureM.m
2026/1/14 17:37:40

## start step: CIbuild   at 01/14/2026-17:37:40
## end   step: CIbuild   at 01/14/2026-17:37:40

## start step: DataUpdate   at 01/14/2026-17:37:40
# make:  TrainFramework\IdentityCard\Objects\win_b64\.mkdata.mk
## end   step: DataUpdate   at 01/14/2026-17:37:40

## start step: DataUpdate   at 01/14/2026-17:37:40
# make:  TrainFramework\ExtractFeatureM.m\Objects\win_b64\.mkdata.mk
## end   step: DataUpdate   at 01/14/2026-17:37:40

## start step: CIcompilation   at 01/14/2026-17:37:40
## end   step: CIcompilation   at 01/14/2026-17:37:40

## start step: headerlist   at 01/14/2026-17:37:40
## end   step: headerlist   at 01/14/2026-17:37:40

## start step: headermap   at 01/14/2026-17:37:40
## end   step: headermap   at 01/14/2026-17:37:40

## start step: fwgrammar   at 01/14/2026-17:37:40
## end   step: fwgrammar   at 01/14/2026-17:37:40

## start step: grammar1st   at 01/14/2026-17:37:40
## end   step: grammar1st   at 01/14/2026-17:37:40

## start step: headerlist   at 01/14/2026-17:37:40
## end   step: headerlist   at 01/14/2026-17:37:40

## start step: headermap   at 01/14/2026-17:37:40
## end   step: headermap   at 01/14/2026-17:37:40

## start step: grammar2nd   at 01/14/2026-17:37:40
## end   step: grammar2nd   at 01/14/2026-17:37:40

## start step: typelibgrammar   at 01/14/2026-17:37:40
## end   step: typelibgrammar   at 01/14/2026-17:37:40

## start step: headerlist   at 01/14/2026-17:37:40
## end   step: headerlist   at 01/14/2026-17:37:40

## start step: headermap   at 01/14/2026-17:37:40
## end   step: headermap   at 01/14/2026-17:37:40

## start step: headerruler   at 01/14/2026-17:37:40
## end   step: headerruler   at 01/14/2026-17:37:40

## start step: compilation   at 01/14/2026-17:37:40
# make:  TrainFramework\ExtractFeatureM.m\src\ExtractfeatureCmd.cpp
ExtractfeatureCmd.cpp
D:\Program Files\Dassault Systemes\B18\.\DialogEngine\PublicInterfaces\CATStateCommand.h(742) : warning C4819: 该文件包含不能在当前代码页(936)中表示的字符。请将该文件保存为 Unicode 格式以防止数据丢失
D:\CatiaWS\FeaG\TrainFramework\ExtractFeatureM.m\src\ExtractfeatureCmd.cpp(210) : error C2039: “SetCParameter”: 不是“ExtractFeatureDlg”的成员
        d:\catiaws\feag\trainframework\extractfeaturem.m\localinterfaces\ExtractFeatureDlg.h(8) : 参见“ExtractFeatureDlg”的声明
D:\CatiaWS\FeaG\TrainFramework\ExtractFeatureM.m\src\ExtractfeatureCmd.cpp(254) : error C2039: “SetLParameter”: 不是“ExtractFeatureDlg”的成员
        d:\catiaws\feag\trainframework\extractfeaturem.m\localinterfaces\ExtractFeatureDlg.h(8) : 参见“ExtractFeatureDlg”的声明
D:\CatiaWS\FeaG\TrainFramework\ExtractFeatureM.m\src\ExtractfeatureCmd.cpp(299) : error C2039: “SetPParameter”: 不是“ExtractFeatureDlg”的成员
        d:\catiaws\feag\trainframework\extractfeaturem.m\localinterfaces\ExtractFeatureDlg.h(8) : 参见“ExtractFeatureDlg”的声明
D:\CatiaWS\FeaG\TrainFramework\ExtractFeatureM.m\src\ExtractfeatureCmd.cpp(336) : error C2039: “SetCPParameter”: 不是“ExtractFeatureDlg”的成员
        d:\catiaws\feag\trainframework\extractfeaturem.m\localinterfaces\ExtractFeatureDlg.h(8) : 参见“ExtractFeatureDlg”的声明
D:\CatiaWS\FeaG\TrainFramework\ExtractFeatureM.m\src\ExtractfeatureCmd.cpp(369) : error C2039: “SetProParameter”: 不是“ExtractFeatureDlg”的成员
        d:\catiaws\feag\trainframework\extractfeaturem.m\localinterfaces\ExtractFeatureDlg.h(8) : 参见“ExtractFeatureDlg”的声明
# make-ERROR: TrainFramework\ExtractFeatureM.m\src\ExtractfeatureCmd.cpp
## end   step: compilation   at 01/14/2026-17:37:41

## start step: sourceruler   at 01/14/2026-17:37:41
## end   step: sourceruler   at 01/14/2026-17:37:41

## start step: link1st   at 01/14/2026-17:37:41
# make: TrainFramework\ExtractFeatureM.m win_b64\code\lib\ExtractFeatureM.lib
# syst-ERROR: D:\CatiaWS\FeaG\.\TrainFramework\ExtractFeatureM.m\Objects\win_b64\ExtractfeatureCmd.obj: No such file or directory
# make-ERROR: win_b64\code\lib\ExtractFeatureM.lib
## end   step: link1st   at 01/14/2026-17:37:41

## start step: link2nd   at 01/14/2026-17:37:41
# make: TrainFramework\ExtractFeatureM.m win_b64\code\bin\ExtractFeatureM.dll
# syst-ERROR: D:\CatiaWS\FeaG\.\TrainFramework\ExtractFeatureM.m\Objects\win_b64\ExtractfeatureCmd.obj: No such file or directory
# syst-ERROR: D:\CatiaWS\FeaG\.\win_b64\code\lib\ExtractFeatureM.exp: No such file or directory
# make-ERROR: win_b64\code\bin\ExtractFeatureM.dll
## end   step: link2nd   at 01/14/2026-17:37:41

## start step: dummynls   at 01/14/2026-17:37:41
## end   step: dummynls   at 01/14/2026-17:37:41
