mkmk  -u -g  ExtractFeatureM.m
2026/1/14 17:45:12

## start step: CIbuild   at 01/14/2026-17:45:13
## end   step: CIbuild   at 01/14/2026-17:45:13

## start step: DataUpdate   at 01/14/2026-17:45:13
# make:  TrainFramework\IdentityCard\Objects\win_b64\.mkdata.mk
## end   step: DataUpdate   at 01/14/2026-17:45:13

## start step: DataUpdate   at 01/14/2026-17:45:13
# make:  TrainFramework\ExtractFeatureM.m\Objects\win_b64\.mkdata.mk
## end   step: DataUpdate   at 01/14/2026-17:45:13

## start step: CIcompilation   at 01/14/2026-17:45:13
## end   step: CIcompilation   at 01/14/2026-17:45:13

## start step: headerlist   at 01/14/2026-17:45:13
## end   step: headerlist   at 01/14/2026-17:45:13

## start step: headermap   at 01/14/2026-17:45:13
## end   step: headermap   at 01/14/2026-17:45:13

## start step: fwgrammar   at 01/14/2026-17:45:13
## end   step: fwgrammar   at 01/14/2026-17:45:13

## start step: grammar1st   at 01/14/2026-17:45:13
## end   step: grammar1st   at 01/14/2026-17:45:13

## start step: headerlist   at 01/14/2026-17:45:13
## end   step: headerlist   at 01/14/2026-17:45:13

## start step: headermap   at 01/14/2026-17:45:13
## end   step: headermap   at 01/14/2026-17:45:13

## start step: grammar2nd   at 01/14/2026-17:45:13
## end   step: grammar2nd   at 01/14/2026-17:45:13

## start step: typelibgrammar   at 01/14/2026-17:45:13
## end   step: typelibgrammar   at 01/14/2026-17:45:13

## start step: headerlist   at 01/14/2026-17:45:13
## end   step: headerlist   at 01/14/2026-17:45:13

## start step: headermap   at 01/14/2026-17:45:13
## end   step: headermap   at 01/14/2026-17:45:13

## start step: headerruler   at 01/14/2026-17:45:13
## end   step: headerruler   at 01/14/2026-17:45:13

## start step: compilation   at 01/14/2026-17:45:13
# make:  TrainFramework\ExtractFeatureM.m\src\ExtractfeatureCmd.cpp
ExtractfeatureCmd.cpp
D:\Program Files\Dassault Systemes\B18\.\DialogEngine\PublicInterfaces\CATStateCommand.h(742) : warning C4819: 该文件包含不能在当前代码页(936)中表示的字符。请将该文件保存为 Unicode 格式以防止数据丢失
D:\CatiaWS\FeaG\TrainFramework\ExtractFeatureM.m\src\ExtractfeatureCmd.cpp(210) : error C2039: “SetCParameter”: 不是“ExtractFeatureDlg”的成员
        d:\catiaws\feag\trainframework\extractfeaturem.m\localinterfaces\ExtractFeatureDlg.h(8) : 参见“ExtractFeatureDlg”的声明
D:\CatiaWS\FeaG\TrainFramework\ExtractFeatureM.m\src\ExtractfeatureCmd.cpp(254) : error C2039: “SetLParameter”: 不是“ExtractFeatureDlg”的成员
        d:\catiaws\feag\trainframework\extractfeaturem.m\localinterfaces\ExtractFeatureDlg.h(8) : 参见“ExtractFeatureDlg”的声明
D:\CatiaWS\FeaG\TrainFramework\ExtractFeatureM.m\src\ExtractfeatureCmd.cpp(299) : error C2039: “SetPParameter”: 不是“ExtractFeatureDlg”的成员
        d:\catiaws\feag\trainframework\extractfeaturem.m\localinterfaces\ExtractFeatureDlg.h(8) : 参见“ExtractFeatureDlg”的声明
D:\CatiaWS\FeaG\TrainFramework\ExtractFeatureM.m\src\ExtractfeatureCmd.cpp(336) : error C2039: “SetCPParameter”: 不是“ExtractFeatureDlg”的成员
        d:\catiaws\feag\trainframework\extractfeaturem.m\localinterfaces\ExtractFeatureDlg.h(8) : 参见“ExtractFeatureDlg”的声明
D:\CatiaWS\FeaG\TrainFramework\ExtractFeatureM.m\src\ExtractfeatureCmd.cpp(369) : error C2039: “SetProParameter”: 不是“ExtractFeatureDlg”的成员
        d:\catiaws\feag\trainframework\extractfeaturem.m\localinterfaces\ExtractFeatureDlg.h(8) : 参见“ExtractFeatureDlg”的声明
D:\CatiaWS\FeaG\TrainFramework\ExtractFeatureM.m\src\ExtractfeatureCmd.cpp(414) : error C2039: “r”: 不是“ExtractfeatureCmd”的成员
        D:\CatiaWS\FeaG\.\TrainFramework\ExtractFeatureM.m\LocalInterfaces\ExtractfeatureCmd.h(27) : 参见“ExtractfeatureCmd”的声明
D:\CatiaWS\FeaG\TrainFramework\ExtractFeatureM.m\src\ExtractfeatureCmd.cpp(415) : error C2039: “cx2”: 不是“ExtractfeatureCmd”的成员
        D:\CatiaWS\FeaG\.\TrainFramework\ExtractFeatureM.m\LocalInterfaces\ExtractfeatureCmd.h(27) : 参见“ExtractfeatureCmd”的声明
D:\CatiaWS\FeaG\TrainFramework\ExtractFeatureM.m\src\ExtractfeatureCmd.cpp(416) : error C2039: “cy2”: 不是“ExtractfeatureCmd”的成员
        D:\CatiaWS\FeaG\.\TrainFramework\ExtractFeatureM.m\LocalInterfaces\ExtractfeatureCmd.h(27) : 参见“ExtractfeatureCmd”的声明
D:\CatiaWS\FeaG\TrainFramework\ExtractFeatureM.m\src\ExtractfeatureCmd.cpp(417) : error C2039: “cz2”: 不是“ExtractfeatureCmd”的成员
        D:\CatiaWS\FeaG\.\TrainFramework\ExtractFeatureM.m\LocalInterfaces\ExtractfeatureCmd.h(27) : 参见“ExtractfeatureCmd”的声明
D:\CatiaWS\FeaG\TrainFramework\ExtractFeatureM.m\src\ExtractfeatureCmd.cpp(432) : error C2065: “R”: 未声明的标识符
D:\CatiaWS\FeaG\TrainFramework\ExtractFeatureM.m\src\ExtractfeatureCmd.cpp(432) : error C2228: “.BuildFromNum”的左边必须有类/结构/联合
        类型是“'unknown-type'”
D:\CatiaWS\FeaG\TrainFramework\ExtractFeatureM.m\src\ExtractfeatureCmd.cpp(436) : error C2065: “Cx2”: 未声明的标识符
D:\CatiaWS\FeaG\TrainFramework\ExtractFeatureM.m\src\ExtractfeatureCmd.cpp(436) : error C2228: “.BuildFromNum”的左边必须有类/结构/联合
        类型是“'unknown-type'”
D:\CatiaWS\FeaG\TrainFramework\ExtractFeatureM.m\src\ExtractfeatureCmd.cpp(436) : error C2039: “cx2”: 不是“ExtractfeatureCmd”的成员
        D:\CatiaWS\FeaG\.\TrainFramework\ExtractFeatureM.m\LocalInterfaces\ExtractfeatureCmd.h(27) : 参见“ExtractfeatureCmd”的声明
D:\CatiaWS\FeaG\TrainFramework\ExtractFeatureM.m\src\ExtractfeatureCmd.cpp(437) : error C2039: “cx2”: 不是“ExtractfeatureCmd”的成员
        D:\CatiaWS\FeaG\.\TrainFramework\ExtractFeatureM.m\LocalInterfaces\ExtractfeatureCmd.h(27) : 参见“ExtractfeatureCmd”的声明
D:\CatiaWS\FeaG\TrainFramework\ExtractFeatureM.m\src\ExtractfeatureCmd.cpp(438) : error C2065: “Cy2”: 未声明的标识符
D:\CatiaWS\FeaG\TrainFramework\ExtractFeatureM.m\src\ExtractfeatureCmd.cpp(438) : error C2228: “.BuildFromNum”的左边必须有类/结构/联合
        类型是“'unknown-type'”
D:\CatiaWS\FeaG\TrainFramework\ExtractFeatureM.m\src\ExtractfeatureCmd.cpp(438) : error C2039: “cy2”: 不是“ExtractfeatureCmd”的成员
        D:\CatiaWS\FeaG\.\TrainFramework\ExtractFeatureM.m\LocalInterfaces\ExtractfeatureCmd.h(27) : 参见“ExtractfeatureCmd”的声明
D:\CatiaWS\FeaG\TrainFramework\ExtractFeatureM.m\src\ExtractfeatureCmd.cpp(439) : error C2039: “cy2”: 不是“ExtractfeatureCmd”的成员
        D:\CatiaWS\FeaG\.\TrainFramework\ExtractFeatureM.m\LocalInterfaces\ExtractfeatureCmd.h(27) : 参见“ExtractfeatureCmd”的声明
D:\CatiaWS\FeaG\TrainFramework\ExtractFeatureM.m\src\ExtractfeatureCmd.cpp(440) : error C2065: “Cz2”: 未声明的标识符
D:\CatiaWS\FeaG\TrainFramework\ExtractFeatureM.m\src\ExtractfeatureCmd.cpp(440) : error C2228: “.BuildFromNum”的左边必须有类/结构/联合
        类型是“'unknown-type'”
D:\CatiaWS\FeaG\TrainFramework\ExtractFeatureM.m\src\ExtractfeatureCmd.cpp(440) : error C2039: “cz2”: 不是“ExtractfeatureCmd”的成员
        D:\CatiaWS\FeaG\.\TrainFramework\ExtractFeatureM.m\LocalInterfaces\ExtractfeatureCmd.h(27) : 参见“ExtractfeatureCmd”的声明
D:\CatiaWS\FeaG\TrainFramework\ExtractFeatureM.m\src\ExtractfeatureCmd.cpp(441) : error C2039: “cz2”: 不是“ExtractfeatureCmd”的成员
        D:\CatiaWS\FeaG\.\TrainFramework\ExtractFeatureM.m\LocalInterfaces\ExtractfeatureCmd.h(27) : 参见“ExtractfeatureCmd”的声明
D:\CatiaWS\FeaG\TrainFramework\ExtractFeatureM.m\src\ExtractfeatureCmd.cpp(446) : error C2039: “cx”: 不是“ExtractfeatureCmd”的成员
        D:\CatiaWS\FeaG\.\TrainFramework\ExtractFeatureM.m\LocalInterfaces\ExtractfeatureCmd.h(27) : 参见“ExtractfeatureCmd”的声明
D:\CatiaWS\FeaG\TrainFramework\ExtractFeatureM.m\src\ExtractfeatureCmd.cpp(447) : error C2039: “cy”: 不是“ExtractfeatureCmd”的成员
        D:\CatiaWS\FeaG\.\TrainFramework\ExtractFeatureM.m\LocalInterfaces\ExtractfeatureCmd.h(27) : 参见“ExtractfeatureCmd”的声明
D:\CatiaWS\FeaG\TrainFramework\ExtractFeatureM.m\src\ExtractfeatureCmd.cpp(448) : error C2039: “cz”: 不是“ExtractfeatureCmd”的成员
        D:\CatiaWS\FeaG\.\TrainFramework\ExtractFeatureM.m\LocalInterfaces\ExtractfeatureCmd.h(27) : 参见“ExtractfeatureCmd”的声明
D:\CatiaWS\FeaG\TrainFramework\ExtractFeatureM.m\src\ExtractfeatureCmd.cpp(462) : error C2065: “Cx”: 未声明的标识符
D:\CatiaWS\FeaG\TrainFramework\ExtractFeatureM.m\src\ExtractfeatureCmd.cpp(462) : error C2228: “.BuildFromNum”的左边必须有类/结构/联合
        类型是“'unknown-type'”
D:\CatiaWS\FeaG\TrainFramework\ExtractFeatureM.m\src\ExtractfeatureCmd.cpp(462) : error C2039: “cx”: 不是“ExtractfeatureCmd”的成员
        D:\CatiaWS\FeaG\.\TrainFramework\ExtractFeatureM.m\LocalInterfaces\ExtractfeatureCmd.h(27) : 参见“ExtractfeatureCmd”的声明
D:\CatiaWS\FeaG\TrainFramework\ExtractFeatureM.m\src\ExtractfeatureCmd.cpp(463) : error C2039: “cx”: 不是“ExtractfeatureCmd”的成员
        D:\CatiaWS\FeaG\.\TrainFramework\ExtractFeatureM.m\LocalInterfaces\ExtractfeatureCmd.h(27) : 参见“ExtractfeatureCmd”的声明
D:\CatiaWS\FeaG\TrainFramework\ExtractFeatureM.m\src\ExtractfeatureCmd.cpp(464) : error C2065: “Cy”: 未声明的标识符
D:\CatiaWS\FeaG\TrainFramework\ExtractFeatureM.m\src\ExtractfeatureCmd.cpp(464) : error C2228: “.BuildFromNum”的左边必须有类/结构/联合
        类型是“'unknown-type'”
D:\CatiaWS\FeaG\TrainFramework\ExtractFeatureM.m\src\ExtractfeatureCmd.cpp(464) : error C2039: “cy”: 不是“ExtractfeatureCmd”的成员
        D:\CatiaWS\FeaG\.\TrainFramework\ExtractFeatureM.m\LocalInterfaces\ExtractfeatureCmd.h(27) : 参见“ExtractfeatureCmd”的声明
D:\CatiaWS\FeaG\TrainFramework\ExtractFeatureM.m\src\ExtractfeatureCmd.cpp(465) : error C2039: “cy”: 不是“ExtractfeatureCmd”的成员
        D:\CatiaWS\FeaG\.\TrainFramework\ExtractFeatureM.m\LocalInterfaces\ExtractfeatureCmd.h(27) : 参见“ExtractfeatureCmd”的声明
D:\CatiaWS\FeaG\TrainFramework\ExtractFeatureM.m\src\ExtractfeatureCmd.cpp(466) : error C2065: “Cz”: 未声明的标识符
D:\CatiaWS\FeaG\TrainFramework\ExtractFeatureM.m\src\ExtractfeatureCmd.cpp(466) : error C2228: “.BuildFromNum”的左边必须有类/结构/联合
        类型是“'unknown-type'”
D:\CatiaWS\FeaG\TrainFramework\ExtractFeatureM.m\src\ExtractfeatureCmd.cpp(466) : error C2039: “cz”: 不是“ExtractfeatureCmd”的成员
        D:\CatiaWS\FeaG\.\TrainFramework\ExtractFeatureM.m\LocalInterfaces\ExtractfeatureCmd.h(27) : 参见“ExtractfeatureCmd”的声明
D:\CatiaWS\FeaG\TrainFramework\ExtractFeatureM.m\src\ExtractfeatureCmd.cpp(467) : error C2039: “cz”: 不是“ExtractfeatureCmd”的成员
        D:\CatiaWS\FeaG\.\TrainFramework\ExtractFeatureM.m\LocalInterfaces\ExtractfeatureCmd.h(27) : 参见“ExtractfeatureCmd”的声明
D:\CatiaWS\FeaG\TrainFramework\ExtractFeatureM.m\src\ExtractfeatureCmd.cpp(475) : error C2039: “lx”: 不是“ExtractfeatureCmd”的成员
        D:\CatiaWS\FeaG\.\TrainFramework\ExtractFeatureM.m\LocalInterfaces\ExtractfeatureCmd.h(27) : 参见“ExtractfeatureCmd”的声明
D:\CatiaWS\FeaG\TrainFramework\ExtractFeatureM.m\src\ExtractfeatureCmd.cpp(476) : error C2039: “ly”: 不是“ExtractfeatureCmd”的成员
        D:\CatiaWS\FeaG\.\TrainFramework\ExtractFeatureM.m\LocalInterfaces\ExtractfeatureCmd.h(27) : 参见“ExtractfeatureCmd”的声明
D:\CatiaWS\FeaG\TrainFramework\ExtractFeatureM.m\src\ExtractfeatureCmd.cpp(477) : error C2039: “lz”: 不是“ExtractfeatureCmd”的成员
        D:\CatiaWS\FeaG\.\TrainFramework\ExtractFeatureM.m\LocalInterfaces\ExtractfeatureCmd.h(27) : 参见“ExtractfeatureCmd”的声明
D:\CatiaWS\FeaG\TrainFramework\ExtractFeatureM.m\src\ExtractfeatureCmd.cpp(491) : error C2065: “Lx”: 未声明的标识符
D:\CatiaWS\FeaG\TrainFramework\ExtractFeatureM.m\src\ExtractfeatureCmd.cpp(491) : error C2228: “.BuildFromNum”的左边必须有类/结构/联合
        类型是“'unknown-type'”
D:\CatiaWS\FeaG\TrainFramework\ExtractFeatureM.m\src\ExtractfeatureCmd.cpp(491) : error C2039: “lx”: 不是“ExtractfeatureCmd”的成员
        D:\CatiaWS\FeaG\.\TrainFramework\ExtractFeatureM.m\LocalInterfaces\ExtractfeatureCmd.h(27) : 参见“ExtractfeatureCmd”的声明
D:\CatiaWS\FeaG\TrainFramework\ExtractFeatureM.m\src\ExtractfeatureCmd.cpp(492) : error C2039: “lx”: 不是“ExtractfeatureCmd”的成员
        D:\CatiaWS\FeaG\.\TrainFramework\ExtractFeatureM.m\LocalInterfaces\ExtractfeatureCmd.h(27) : 参见“ExtractfeatureCmd”的声明
D:\CatiaWS\FeaG\TrainFramework\ExtractFeatureM.m\src\ExtractfeatureCmd.cpp(493) : error C2065: “Ly”: 未声明的标识符
D:\CatiaWS\FeaG\TrainFramework\ExtractFeatureM.m\src\ExtractfeatureCmd.cpp(493) : error C2228: “.BuildFromNum”的左边必须有类/结构/联合
        类型是“'unknown-type'”
D:\CatiaWS\FeaG\TrainFramework\ExtractFeatureM.m\src\ExtractfeatureCmd.cpp(493) : error C2039: “ly”: 不是“ExtractfeatureCmd”的成员
        D:\CatiaWS\FeaG\.\TrainFramework\ExtractFeatureM.m\LocalInterfaces\ExtractfeatureCmd.h(27) : 参见“ExtractfeatureCmd”的声明
D:\CatiaWS\FeaG\TrainFramework\ExtractFeatureM.m\src\ExtractfeatureCmd.cpp(494) : error C2039: “ly”: 不是“ExtractfeatureCmd”的成员
        D:\CatiaWS\FeaG\.\TrainFramework\ExtractFeatureM.m\LocalInterfaces\ExtractfeatureCmd.h(27) : 参见“ExtractfeatureCmd”的声明
D:\CatiaWS\FeaG\TrainFramework\ExtractFeatureM.m\src\ExtractfeatureCmd.cpp(495) : error C2065: “Lz”: 未声明的标识符
D:\CatiaWS\FeaG\TrainFramework\ExtractFeatureM.m\src\ExtractfeatureCmd.cpp(495) : error C2228: “.BuildFromNum”的左边必须有类/结构/联合
        类型是“'unknown-type'”
D:\CatiaWS\FeaG\TrainFramework\ExtractFeatureM.m\src\ExtractfeatureCmd.cpp(495) : error C2039: “lz”: 不是“ExtractfeatureCmd”的成员
        D:\CatiaWS\FeaG\.\TrainFramework\ExtractFeatureM.m\LocalInterfaces\ExtractfeatureCmd.h(27) : 参见“ExtractfeatureCmd”的声明
D:\CatiaWS\FeaG\TrainFramework\ExtractFeatureM.m\src\ExtractfeatureCmd.cpp(496) : error C2039: “lz”: 不是“ExtractfeatureCmd”的成员
        D:\CatiaWS\FeaG\.\TrainFramework\ExtractFeatureM.m\LocalInterfaces\ExtractfeatureCmd.h(27) : 参见“ExtractfeatureCmd”的声明
D:\CatiaWS\FeaG\TrainFramework\ExtractFeatureM.m\src\ExtractfeatureCmd.cpp(502) : error C2039: “px1”: 不是“ExtractfeatureCmd”的成员
        D:\CatiaWS\FeaG\.\TrainFramework\ExtractFeatureM.m\LocalInterfaces\ExtractfeatureCmd.h(27) : 参见“ExtractfeatureCmd”的声明
D:\CatiaWS\FeaG\TrainFramework\ExtractFeatureM.m\src\ExtractfeatureCmd.cpp(503) : error C2039: “py1”: 不是“ExtractfeatureCmd”的成员
        D:\CatiaWS\FeaG\.\TrainFramework\ExtractFeatureM.m\LocalInterfaces\ExtractfeatureCmd.h(27) : 参见“ExtractfeatureCmd”的声明
D:\CatiaWS\FeaG\TrainFramework\ExtractFeatureM.m\src\ExtractfeatureCmd.cpp(504) : error C2039: “pz1”: 不是“ExtractfeatureCmd”的成员
        D:\CatiaWS\FeaG\.\TrainFramework\ExtractFeatureM.m\LocalInterfaces\ExtractfeatureCmd.h(27) : 参见“ExtractfeatureCmd”的声明
D:\CatiaWS\FeaG\TrainFramework\ExtractFeatureM.m\src\ExtractfeatureCmd.cpp(506) : error C2039: “px2”: 不是“ExtractfeatureCmd”的成员
        D:\CatiaWS\FeaG\.\TrainFramework\ExtractFeatureM.m\LocalInterfaces\ExtractfeatureCmd.h(27) : 参见“ExtractfeatureCmd”的声明
D:\CatiaWS\FeaG\TrainFramework\ExtractFeatureM.m\src\ExtractfeatureCmd.cpp(507) : error C2039: “py2”: 不是“ExtractfeatureCmd”的成员
        D:\CatiaWS\FeaG\.\TrainFramework\ExtractFeatureM.m\LocalInterfaces\ExtractfeatureCmd.h(27) : 参见“ExtractfeatureCmd”的声明
D:\CatiaWS\FeaG\TrainFramework\ExtractFeatureM.m\src\ExtractfeatureCmd.cpp(508) : error C2039: “pz2”: 不是“ExtractfeatureCmd”的成员
        D:\CatiaWS\FeaG\.\TrainFramework\ExtractFeatureM.m\LocalInterfaces\ExtractfeatureCmd.h(27) : 参见“ExtractfeatureCmd”的声明
D:\CatiaWS\FeaG\TrainFramework\ExtractFeatureM.m\src\ExtractfeatureCmd.cpp(510) : error C2065: “A”: 未声明的标识符
D:\CatiaWS\FeaG\TrainFramework\ExtractFeatureM.m\src\ExtractfeatureCmd.cpp(548) : error C2065: “Px”: 未声明的标识符
D:\CatiaWS\FeaG\TrainFramework\ExtractFeatureM.m\src\ExtractfeatureCmd.cpp(548) : error C2228: “.BuildFromNum”的左边必须有类/结构/联合
        类型是“'unknown-type'”
D:\CatiaWS\FeaG\TrainFramework\ExtractFeatureM.m\src\ExtractfeatureCmd.cpp(549) : error C2065: “px”: 未声明的标识符
D:\CatiaWS\FeaG\TrainFramework\ExtractFeatureM.m\src\ExtractfeatureCmd.cpp(550) : error C2065: “Py”: 未声明的标识符
D:\CatiaWS\FeaG\TrainFramework\ExtractFeatureM.m\src\ExtractfeatureCmd.cpp(550) : error C2228: “.BuildFromNum”的左边必须有类/结构/联合
        类型是“'unknown-type'”
D:\CatiaWS\FeaG\TrainFramework\ExtractFeatureM.m\src\ExtractfeatureCmd.cpp(551) : error C2065: “py”: 未声明的标识符
D:\CatiaWS\FeaG\TrainFramework\ExtractFeatureM.m\src\ExtractfeatureCmd.cpp(552) : error C2065: “Pz”: 未声明的标识符
D:\CatiaWS\FeaG\TrainFramework\ExtractFeatureM.m\src\ExtractfeatureCmd.cpp(552) : error C2228: “.BuildFromNum”的左边必须有类/结构/联合
        类型是“'unknown-type'”
D:\CatiaWS\FeaG\TrainFramework\ExtractFeatureM.m\src\ExtractfeatureCmd.cpp(553) : error C2065: “pz”: 未声明的标识符
D:\CatiaWS\FeaG\TrainFramework\ExtractFeatureM.m\src\ExtractfeatureCmd.cpp(560) : error C2065: “NAME”: 未声明的标识符
D:\CatiaWS\FeaG\TrainFramework\ExtractFeatureM.m\src\ExtractfeatureCmd.cpp(560) : error C2228: “.Append”的左边必须有类/结构/联合
        类型是“'unknown-type'”
# make-ERROR: TrainFramework\ExtractFeatureM.m\src\ExtractfeatureCmd.cpp
## end   step: compilation   at 01/14/2026-17:45:13

## start step: sourceruler   at 01/14/2026-17:45:13
## end   step: sourceruler   at 01/14/2026-17:45:13

## start step: link1st   at 01/14/2026-17:45:13
# make: TrainFramework\ExtractFeatureM.m win_b64\code\lib\ExtractFeatureM.lib
# syst-ERROR: D:\CatiaWS\FeaG\.\TrainFramework\ExtractFeatureM.m\Objects\win_b64\ExtractfeatureCmd.obj: No such file or directory
# make-ERROR: win_b64\code\lib\ExtractFeatureM.lib
## end   step: link1st   at 01/14/2026-17:45:13

## start step: link2nd   at 01/14/2026-17:45:13
# make: TrainFramework\ExtractFeatureM.m win_b64\code\bin\ExtractFeatureM.dll
# syst-ERROR: D:\CatiaWS\FeaG\.\TrainFramework\ExtractFeatureM.m\Objects\win_b64\ExtractfeatureCmd.obj: No such file or directory
# syst-ERROR: D:\CatiaWS\FeaG\.\win_b64\code\lib\ExtractFeatureM.exp: No such file or directory
# make-ERROR: win_b64\code\bin\ExtractFeatureM.dll
## end   step: link2nd   at 01/14/2026-17:45:13

## start step: dummynls   at 01/14/2026-17:45:13
## end   step: dummynls   at 01/14/2026-17:45:13
