mkmk  -u -g  AddDocCmd.m
2026/1/13 17:04:26

## start step: CIbuild   at 01/13/2026-17:04:26
## end   step: CIbuild   at 01/13/2026-17:04:26

## start step: DataUpdate   at 01/13/2026-17:04:26
# make:  TrainFramework\IdentityCard\Objects\win_b64\.mkdata.mk
## end   step: DataUpdate   at 01/13/2026-17:04:26

## start step: DataUpdate   at 01/13/2026-17:04:26
# make:  TrainFramework\AddDocCmd.m\Objects\win_b64\.mkdata.mk
## end   step: DataUpdate   at 01/13/2026-17:04:26

## start step: CIcompilation   at 01/13/2026-17:04:26
## end   step: CIcompilation   at 01/13/2026-17:04:26

## start step: headerlist   at 01/13/2026-17:04:26
## end   step: headerlist   at 01/13/2026-17:04:26

## start step: headermap   at 01/13/2026-17:04:26
## end   step: headermap   at 01/13/2026-17:04:26

## start step: fwgrammar   at 01/13/2026-17:04:26
## end   step: fwgrammar   at 01/13/2026-17:04:26

## start step: grammar1st   at 01/13/2026-17:04:26
## end   step: grammar1st   at 01/13/2026-17:04:26

## start step: headerlist   at 01/13/2026-17:04:26
## end   step: headerlist   at 01/13/2026-17:04:26

## start step: headermap   at 01/13/2026-17:04:26
## end   step: headermap   at 01/13/2026-17:04:26

## start step: grammar2nd   at 01/13/2026-17:04:26
## end   step: grammar2nd   at 01/13/2026-17:04:26

## start step: typelibgrammar   at 01/13/2026-17:04:26
## end   step: typelibgrammar   at 01/13/2026-17:04:26

## start step: headerlist   at 01/13/2026-17:04:26
## end   step: headerlist   at 01/13/2026-17:04:26

## start step: headermap   at 01/13/2026-17:04:26
## end   step: headermap   at 01/13/2026-17:04:26

## start step: headerruler   at 01/13/2026-17:04:26
## end   step: headerruler   at 01/13/2026-17:04:26

## start step: compilation   at 01/13/2026-17:04:26
# make:  TrainFramework\AddDocCmd.m\src\AddDocCmd.cpp
AddDocCmd.cpp
D:\Program Files\Dassault Systemes\B18\.\DialogEngine\PublicInterfaces\CATStateCommand.h(742) : warning C4819: 该文件包含不能在当前代码页(936)中表示的字符。请将该文件保存为 Unicode 格式以防止数据丢失
D:\CatiaWS\FeaG\TrainFramework\AddDocCmd.m\src\AddDocCmd.cpp(87) : error C2039: “SelectCurve”: 不是“AddDocCmd”的成员
        D:\CatiaWS\FeaG\.\TrainFramework\AddDocCmd.m\LocalInterfaces\AddDocCmd.h(67) : 参见“AddDocCmd”的声明
D:\CatiaWS\FeaG\TrainFramework\AddDocCmd.m\src\AddDocCmd.cpp(87) : error C2065: “SelectCurve”: 未声明的标识符
D:\CatiaWS\FeaG\TrainFramework\AddDocCmd.m\src\AddDocCmd.cpp(90) : error C2039: “ActionCurveFiled”: 不是“AddDocCmd”的成员
        D:\CatiaWS\FeaG\.\TrainFramework\AddDocCmd.m\LocalInterfaces\AddDocCmd.h(67) : 参见“AddDocCmd”的声明
D:\CatiaWS\FeaG\TrainFramework\AddDocCmd.m\src\AddDocCmd.cpp(90) : error C2065: “ActionCurveFiled”: 未声明的标识符
# make-ERROR: TrainFramework\AddDocCmd.m\src\AddDocCmd.cpp
# make:  TrainFramework\AddDocCmd.m\src\AddDocDlg.cpp
AddDocDlg.cpp
D:\CatiaWS\FeaG\TrainFramework\AddDocCmd.m\src\AddDocDlg.cpp(428) : error C2196: case 值“1”已使用
D:\CatiaWS\FeaG\TrainFramework\AddDocCmd.m\src\AddDocDlg.cpp(429) : error C2196: case 值“1”已使用
D:\CatiaWS\FeaG\TrainFramework\AddDocCmd.m\src\AddDocDlg.cpp(430) : error C2196: case 值“1”已使用
D:\CatiaWS\FeaG\TrainFramework\AddDocCmd.m\src\AddDocDlg.cpp(431) : error C2196: case 值“1”已使用
D:\CatiaWS\FeaG\TrainFramework\AddDocCmd.m\src\AddDocDlg.cpp(432) : error C2196: case 值“1”已使用
# make-ERROR: TrainFramework\AddDocCmd.m\src\AddDocDlg.cpp
## end   step: compilation   at 01/13/2026-17:04:27

## start step: sourceruler   at 01/13/2026-17:04:27
## end   step: sourceruler   at 01/13/2026-17:04:27

## start step: link1st   at 01/13/2026-17:04:27
# make: TrainFramework\AddDocCmd.m win_b64\code\lib\AddDocCmd.lib
# syst-ERROR: D:\CatiaWS\FeaG\.\TrainFramework\AddDocCmd.m\Objects\win_b64\AddDocCmd.obj: No such file or directory
# syst-ERROR: D:\CatiaWS\FeaG\.\TrainFramework\AddDocCmd.m\Objects\win_b64\AddDocDlg.obj: No such file or directory
# make-ERROR: win_b64\code\lib\AddDocCmd.lib
## end   step: link1st   at 01/13/2026-17:04:27

## start step: link2nd   at 01/13/2026-17:04:27
# syst-ERROR: D:\CatiaWS\FeaG\.\TrainFramework\AddDocCmd.m\Objects\win_b64\AddDocCmd.obj: No such file or directory
# syst-ERROR: D:\CatiaWS\FeaG\.\TrainFramework\AddDocCmd.m\Objects\win_b64\AddDocDlg.obj: No such file or directory
# syst-ERROR: D:\CatiaWS\FeaG\.\win_b64\code\lib\AddDocCmd.exp: No such file or directory
# make-ERROR: win_b64\code\bin\AddDocCmd.dll
# make: TrainFramework\AddDocCmd.m win_b64\code\bin\AddDocCmd.dll
## end   step: link2nd   at 01/13/2026-17:04:27

## start step: dummynls   at 01/13/2026-17:04:27
## end   step: dummynls   at 01/13/2026-17:04:27
