mkmk -a  -u -g -w 
2025/12/27 11:13:39

## start step: CIbuild   at 12/27/2025-11:13:39
# make: testFrm win_b64\code\productIC\testFrmIC.script
## end   step: CIbuild   at 12/27/2025-11:13:39

## start step: DataUpdate   at 12/27/2025-11:13:39
# make:  testFrm\IdentityCard\Objects\win_b64\.mkdata.mk
## end   step: DataUpdate   at 12/27/2025-11:13:39

## start step: DataUpdate   at 12/27/2025-11:13:39
# mkmk-ERROR: CATProductStructure: Directory [CATProductStructure.m*] was not found in specified workspace(s), then module [CATProductStructure] does not exist.
# mkmk-ERROR: testFrm\testAddinM.m: Module [CATProductStructure] in LINK_WITH is ignored since its type 'invalid' is incompatible with type 'SHARED LIBRARY'.
# make:  testFrm\testAddinM.m\Objects\win_b64\.mkdata.mk
# make:  testFrm\testM.m\Objects\win_b64\.mkdata.mk
## end   step: DataUpdate   at 12/27/2025-11:13:39

## start step: CIcompilation   at 12/27/2025-11:13:39
## end   step: CIcompilation   at 12/27/2025-11:13:39

## start step: headerlist   at 12/27/2025-11:13:39
## end   step: headerlist   at 12/27/2025-11:13:39

## start step: headermap   at 12/27/2025-11:13:39
# make:  testFrm\ImportedInterfaces\win_b64\.HeaderTable.map
## end   step: headermap   at 12/27/2025-11:13:40

## start step: fwgrammar   at 12/27/2025-11:13:40
## end   step: fwgrammar   at 12/27/2025-11:13:40

## start step: grammar1st   at 12/27/2025-11:13:40
## end   step: grammar1st   at 12/27/2025-11:13:40

## start step: headerlist   at 12/27/2025-11:13:40
## end   step: headerlist   at 12/27/2025-11:13:40

## start step: headermap   at 12/27/2025-11:13:40
## end   step: headermap   at 12/27/2025-11:13:40

## start step: grammar2nd   at 12/27/2025-11:13:40
## end   step: grammar2nd   at 12/27/2025-11:13:40

## start step: typelibgrammar   at 12/27/2025-11:13:40
## end   step: typelibgrammar   at 12/27/2025-11:13:40

## start step: headerlist   at 12/27/2025-11:13:40
## end   step: headerlist   at 12/27/2025-11:13:40

## start step: headermap   at 12/27/2025-11:13:40
## end   step: headermap   at 12/27/2025-11:13:40

## start step: headerruler   at 12/27/2025-11:13:40
# make:  testFrm\PublicInterfaces\testAddinM.h
# make:  testFrm\PublicInterfaces\testM.h
## end   step: headerruler   at 12/27/2025-11:13:40

## start step: compilation   at 12/27/2025-11:13:40
## end   step: compilation   at 12/27/2025-11:13:40

## start step: sourceruler   at 12/27/2025-11:13:40
## end   step: sourceruler   at 12/27/2025-11:13:40

## start step: link1st   at 12/27/2025-11:13:40
## end   step: link1st   at 12/27/2025-11:13:40

## start step: link2nd   at 12/27/2025-11:13:40
# make: testFrm\testM.m win_b64\code\bin\testM.dll
testCmd.obj : error LNK2019: 无法解析的外部符号 "private: void __cdecl CATISpecObject_var::__CastTo(struct IUnknown *)" (?__CastTo@CATISpecObject_var@@AEAAXPEAUIUnknown@@@Z)，该符号在函数 "public: __cdecl CATISpecObject_var::CATISpecObject_var(class CATBaseUnknown *)" (??0CATISpecObject_var@@QEAA@PEAVCATBaseUnknown@@@Z) 中被引用
testCmd.obj : error LNK2019: 无法解析的外部符号 "private: void __cdecl CATIProduct_var::__CastTo(struct IUnknown *)" (?__CastTo@CATIProduct_var@@AEAAXPEAUIUnknown@@@Z)，该符号在函数 "public: __cdecl CATIProduct_var::CATIProduct_var(class CATBaseUnknown *)" (??0CATIProduct_var@@QEAA@PEAVCATBaseUnknown@@@Z) 中被引用
D:\CatiaWS\NackWsp\.\win_b64\code\bin\testM.dll : fatal error LNK1120: 2 个无法解析的外部命令
# make-ERROR: win_b64\code\bin\testM.dll
## end   step: link2nd   at 12/27/2025-11:13:40

## start step: dummynls   at 12/27/2025-11:13:40
## end   step: dummynls   at 12/27/2025-11:13:40
