mkmk  -u -g -w  testM.m
2025/12/27 11:06:14

## start step: CIbuild   at 12/27/2025-11:06:14
## end   step: CIbuild   at 12/27/2025-11:06:14

## start step: DataUpdate   at 12/27/2025-11:06:14
# make:  testFrm\IdentityCard\Objects\win_b64\.mkdata.mk
## end   step: DataUpdate   at 12/27/2025-11:06:14

## start step: DataUpdate   at 12/27/2025-11:06:14
# make:  testFrm\testM.m\Objects\win_b64\.mkdata.mk
## end   step: DataUpdate   at 12/27/2025-11:06:14

## start step: CIcompilation   at 12/27/2025-11:06:14
## end   step: CIcompilation   at 12/27/2025-11:06:14

## start step: headerlist   at 12/27/2025-11:06:14
## end   step: headerlist   at 12/27/2025-11:06:14

## start step: headermap   at 12/27/2025-11:06:14
## end   step: headermap   at 12/27/2025-11:06:14

## start step: fwgrammar   at 12/27/2025-11:06:14
## end   step: fwgrammar   at 12/27/2025-11:06:14

## start step: grammar1st   at 12/27/2025-11:06:14
## end   step: grammar1st   at 12/27/2025-11:06:14

## start step: headerlist   at 12/27/2025-11:06:14
## end   step: headerlist   at 12/27/2025-11:06:14

## start step: headermap   at 12/27/2025-11:06:14
## end   step: headermap   at 12/27/2025-11:06:14

## start step: grammar2nd   at 12/27/2025-11:06:14
## end   step: grammar2nd   at 12/27/2025-11:06:14

## start step: typelibgrammar   at 12/27/2025-11:06:14
## end   step: typelibgrammar   at 12/27/2025-11:06:14

## start step: headerlist   at 12/27/2025-11:06:14
## end   step: headerlist   at 12/27/2025-11:06:14

## start step: headermap   at 12/27/2025-11:06:14
## end   step: headermap   at 12/27/2025-11:06:14

## start step: headerruler   at 12/27/2025-11:06:14
## end   step: headerruler   at 12/27/2025-11:06:14

## start step: compilation   at 12/27/2025-11:06:14
# make:  testFrm\testM.m\src\testCmd.cpp
testCmd.cpp
D:\Program Files\Dassault Systemes\B18\.\DialogEngine\PublicInterfaces\CATStateCommand.h(742) : warning C4819: 该文件包含不能在当前代码页(936)中表示的字符。请将该文件保存为 Unicode 格式以防止数据丢失
d:\program files\dassault systemes\b18\visualization\publicinterfaces\CATXSO.h(232) : warning C4251: “CATXSO::_Liste”: class“list<T>”需要有 dll 接口由 class“CATXSO”的客户端使用 
        with
        [
            T=CATBaseUnknown
        ]
D:\Program Files\Dassault Systemes\B18\.\VisualizationBase\PublicInterfaces\CATPathElement.h(540) : warning C4251: “CATPathElement::_ref”: class“list<T>”需要有 dll 接口由 class“CATPathElement”的客户端使用 
        with
        [
            T=CATBaseUnknown
        ]
D:\Program Files\Dassault Systemes\B18\.\VisualizationBase\PublicInterfaces\CATPathElement.h(542) : warning C4251: “CATPathElement::_brotherref”: class“list<T>”需要有 dll 接口由 class“CATPathElement”的客户端使用 
        with
        [
            T=list<CATBaseUnknown>
        ]
D:\Program Files\Dassault Systemes\B18\.\ObjectSpecsModeler\PublicInterfaces\CATLISTV_CATISpecObject.h(59) : warning C4251: “CATListValCATISpecObject_var::_SBlock”: class“CATISpecObject_var”需要有 dll 接口由 class“CATListValCATISpecObject_var”的客户端使用 
        d:\program files\dassault systemes\b18\objectspecsmodeler\publicinterfaces\CATISpecObject.h(618) : 参见“CATISpecObject_var”的声明
## end   step: compilation   at 12/27/2025-11:06:15

## start step: sourceruler   at 12/27/2025-11:06:15
## end   step: sourceruler   at 12/27/2025-11:06:15

## start step: link1st   at 12/27/2025-11:06:15
# make: testFrm\testM.m win_b64\code\lib\testM.lib
   正在创建库 D:\CatiaWS\NackWsp\.\win_b64\code\lib\testM.lib 和对象 D:\CatiaWS\NackWsp\.\win_b64\code\lib\testM.exp
## end   step: link1st   at 12/27/2025-11:06:15

## start step: link2nd   at 12/27/2025-11:06:15
# make: testFrm\testM.m win_b64\code\bin\testM.dll
testCmd.obj : error LNK2019: 无法解析的外部符号 "private: void __cdecl CATISpecObject_var::__CastTo(struct IUnknown *)" (?__CastTo@CATISpecObject_var@@AEAAXPEAUIUnknown@@@Z)，该符号在函数 "public: __cdecl CATISpecObject_var::CATISpecObject_var(class CATBaseUnknown *)" (??0CATISpecObject_var@@QEAA@PEAVCATBaseUnknown@@@Z) 中被引用
testCmd.obj : error LNK2019: 无法解析的外部符号 "private: void __cdecl CATIProduct_var::__CastTo(struct IUnknown *)" (?__CastTo@CATIProduct_var@@AEAAXPEAUIUnknown@@@Z)，该符号在函数 "public: __cdecl CATIProduct_var::CATIProduct_var(class CATBaseUnknown *)" (??0CATIProduct_var@@QEAA@PEAVCATBaseUnknown@@@Z) 中被引用
D:\CatiaWS\NackWsp\.\win_b64\code\bin\testM.dll : fatal error LNK1120: 2 个无法解析的外部命令
# make-ERROR: win_b64\code\bin\testM.dll
## end   step: link2nd   at 12/27/2025-11:06:15

## start step: dummynls   at 12/27/2025-11:06:15
## end   step: dummynls   at 12/27/2025-11:06:15
