mkmk  -u -g -w  testM.m
2025/12/27 10:53:21

## start step: CIbuild   at 12/27/2025-10:53:22
## end   step: CIbuild   at 12/27/2025-10:53:22

## start step: DataUpdate   at 12/27/2025-10:53:22
# make:  testFrm\IdentityCard\Objects\win_b64\.mkdata.mk
## end   step: DataUpdate   at 12/27/2025-10:53:22

## start step: DataUpdate   at 12/27/2025-10:53:22
# make:  testFrm\testM.m\Objects\win_b64\.mkdata.mk
## end   step: DataUpdate   at 12/27/2025-10:53:22

## start step: CIcompilation   at 12/27/2025-10:53:22
## end   step: CIcompilation   at 12/27/2025-10:53:22

## start step: headerlist   at 12/27/2025-10:53:22
## end   step: headerlist   at 12/27/2025-10:53:22

## start step: headermap   at 12/27/2025-10:53:22
## end   step: headermap   at 12/27/2025-10:53:22

## start step: fwgrammar   at 12/27/2025-10:53:22
## end   step: fwgrammar   at 12/27/2025-10:53:22

## start step: grammar1st   at 12/27/2025-10:53:22
## end   step: grammar1st   at 12/27/2025-10:53:22

## start step: headerlist   at 12/27/2025-10:53:22
## end   step: headerlist   at 12/27/2025-10:53:22

## start step: headermap   at 12/27/2025-10:53:22
## end   step: headermap   at 12/27/2025-10:53:22

## start step: grammar2nd   at 12/27/2025-10:53:22
## end   step: grammar2nd   at 12/27/2025-10:53:22

## start step: typelibgrammar   at 12/27/2025-10:53:22
## end   step: typelibgrammar   at 12/27/2025-10:53:22

## start step: headerlist   at 12/27/2025-10:53:22
## end   step: headerlist   at 12/27/2025-10:53:22

## start step: headermap   at 12/27/2025-10:53:22
## end   step: headermap   at 12/27/2025-10:53:22

## start step: headerruler   at 12/27/2025-10:53:22
## end   step: headerruler   at 12/27/2025-10:53:22

## start step: compilation   at 12/27/2025-10:53:22
# make:  testFrm\testM.m\src\testCmd.cpp
testCmd.cpp
D:\Program Files\Dassault Systemes\B18\.\DialogEngine\PublicInterfaces\CATStateCommand.h(742) : warning C4819: 该文件包含不能在当前代码页(936)中表示的字符。请将该文件保存为 Unicode 格式以防止数据丢失
d:\program files\dassault systemes\b18\visualization\publicinterfaces\CATXSO.h(232) : warning C4251: “CATXSO::_Liste”: class“list<T>”需要有 dll 接口由 class“CATXSO”的客户端使用 
        with
        [
            T=CATBaseUnknown
        ]
D:\Program Files\Dassault Systemes\B18\.\VisualizationBase\PublicInterfaces\CATPathElement.h(540) : warning C4251: “CATPathElement::_ref”: class“list<T>”需要有 dll 接口由 class“CATPathElement”的客户端使用 
        with
        [
            T=CATBaseUnknown
        ]
D:\Program Files\Dassault Systemes\B18\.\VisualizationBase\PublicInterfaces\CATPathElement.h(542) : warning C4251: “CATPathElement::_brotherref”: class“list<T>”需要有 dll 接口由 class“CATPathElement”的客户端使用 
        with
        [
            T=list<CATBaseUnknown>
        ]
D:\Program Files\Dassault Systemes\B18\.\ObjectSpecsModeler\PublicInterfaces\CATLISTV_CATISpecObject.h(59) : warning C4251: “CATListValCATISpecObject_var::_SBlock”: class“CATISpecObject_var”需要有 dll 接口由 class“CATListValCATISpecObject_var”的客户端使用 
        d:\program files\dassault systemes\b18\objectspecsmodeler\publicinterfaces\CATISpecObject.h(618) : 参见“CATISpecObject_var”的声明
D:\CatiaWS\NackWsp\testFrm\testM.m\src\testCmd.cpp(31) : error C2612: 基/成员初始值设定项列表中的非法后缀“:”
D:\CatiaWS\NackWsp\testFrm\testM.m\src\testCmd.cpp(31) : error C2143: 语法错误 : 缺少“;”(在“:”的前面)
D:\CatiaWS\NackWsp\testFrm\testM.m\src\testCmd.cpp(44) : error C2143: 语法错误 : 缺少“;”(在“{”的前面)
D:\CatiaWS\NackWsp\testFrm\testM.m\src\testCmd.cpp(54) : error C2143: 语法错误 : 缺少“;”(在“{”的前面)
D:\CatiaWS\NackWsp\testFrm\testM.m\src\testCmd.cpp(67) : error C2601: “testCmd::BuildGraph”: 本地函数定义是非法的
D:\CatiaWS\NackWsp\testFrm\testM.m\src\testCmd.cpp(88) : error C2601: “testCmd::ActionOne”: 本地函数定义是非法的
D:\CatiaWS\NackWsp\testFrm\testM.m\src\testCmd.cpp(94) : fatal error C1004: 发现意外的文件尾
# make-ERROR: testFrm\testM.m\src\testCmd.cpp
## end   step: compilation   at 12/27/2025-10:53:22

## start step: sourceruler   at 12/27/2025-10:53:22
## end   step: sourceruler   at 12/27/2025-10:53:22

## start step: link1st   at 12/27/2025-10:53:22
# syst-ERROR: D:\CatiaWS\NackWsp\.\testFrm\testM.m\Objects\win_b64\testCmd.obj: No such file or directory
# make-ERROR: win_b64\code\lib\testM.lib
# make: testFrm\testM.m win_b64\code\lib\testM.lib
## end   step: link1st   at 12/27/2025-10:53:22

## start step: link2nd   at 12/27/2025-10:53:22
# make: testFrm\testM.m win_b64\code\bin\testM.dll
# syst-ERROR: D:\CatiaWS\NackWsp\.\testFrm\testM.m\Objects\win_b64\testCmd.obj: No such file or directory
# syst-ERROR: D:\CatiaWS\NackWsp\.\win_b64\code\lib\testM.exp: No such file or directory
# make-ERROR: win_b64\code\bin\testM.dll
## end   step: link2nd   at 12/27/2025-10:53:22

## start step: dummynls   at 12/27/2025-10:53:22
## end   step: dummynls   at 12/27/2025-10:53:22
