mkmk  -u -g -w  testM.m
2025/12/26 11:54:57

## start step: CIbuild   at 12/26/2025-11:54:57
## end   step: CIbuild   at 12/26/2025-11:54:57

## start step: DataUpdate   at 12/26/2025-11:54:57
# make:  testFrm\IdentityCard\Objects\win_b64\.mkdata.mk
## end   step: DataUpdate   at 12/26/2025-11:54:57

## start step: DataUpdate   at 12/26/2025-11:54:57
# make:  testFrm\testM.m\Objects\win_b64\.mkdata.mk
## end   step: DataUpdate   at 12/26/2025-11:54:57

## start step: CIcompilation   at 12/26/2025-11:54:57
## end   step: CIcompilation   at 12/26/2025-11:54:57

## start step: headerlist   at 12/26/2025-11:54:57
## end   step: headerlist   at 12/26/2025-11:54:57

## start step: headermap   at 12/26/2025-11:54:57
## end   step: headermap   at 12/26/2025-11:54:57

## start step: fwgrammar   at 12/26/2025-11:54:57
## end   step: fwgrammar   at 12/26/2025-11:54:57

## start step: grammar1st   at 12/26/2025-11:54:57
## end   step: grammar1st   at 12/26/2025-11:54:57

## start step: headerlist   at 12/26/2025-11:54:57
## end   step: headerlist   at 12/26/2025-11:54:57

## start step: headermap   at 12/26/2025-11:54:57
## end   step: headermap   at 12/26/2025-11:54:57

## start step: grammar2nd   at 12/26/2025-11:54:57
## end   step: grammar2nd   at 12/26/2025-11:54:57

## start step: typelibgrammar   at 12/26/2025-11:54:57
## end   step: typelibgrammar   at 12/26/2025-11:54:57

## start step: headerlist   at 12/26/2025-11:54:57
## end   step: headerlist   at 12/26/2025-11:54:57

## start step: headermap   at 12/26/2025-11:54:57
## end   step: headermap   at 12/26/2025-11:54:57

## start step: headerruler   at 12/26/2025-11:54:57
## end   step: headerruler   at 12/26/2025-11:54:57

## start step: compilation   at 12/26/2025-11:54:57
# make:  testFrm\testM.m\src\testDlg.cpp
testDlg.cpp
d:\program files\dassault systemes\b18\dialog\publicinterfaces\CATDialog.h(14) : error C2144: 语法错误 : “CATString”的前面应有“;”
d:\program files\dassault systemes\b18\dialog\publicinterfaces\CATDialog.h(14) : error C4430: 缺少类型说明符 - 假定为 int。注意: C++ 不支持默认 int
# make-ERROR: testFrm\testM.m\src\testDlg.cpp
## end   step: compilation   at 12/26/2025-11:54:57

## start step: sourceruler   at 12/26/2025-11:54:57
## end   step: sourceruler   at 12/26/2025-11:54:57

## start step: link1st   at 12/26/2025-11:54:57
# syst-ERROR: D:\CatiaWS\NackWsp\.\testFrm\testM.m\Objects\win_b64\testDlg.obj: No such file or directory
# make-ERROR: win_b64\code\lib\testM.lib
# make: testFrm\testM.m win_b64\code\lib\testM.lib
## end   step: link1st   at 12/26/2025-11:54:57

## start step: link2nd   at 12/26/2025-11:54:57
# make: testFrm\testM.m win_b64\code\bin\testM.dll
# syst-ERROR: D:\CatiaWS\NackWsp\.\testFrm\testM.m\Objects\win_b64\testDlg.obj: No such file or directory
# syst-ERROR: D:\CatiaWS\NackWsp\.\win_b64\code\lib\testM.exp: No such file or directory
# make-ERROR: win_b64\code\bin\testM.dll
## end   step: link2nd   at 12/26/2025-11:54:57

## start step: dummynls   at 12/26/2025-11:54:57
## end   step: dummynls   at 12/26/2025-11:54:57
