mkmk  -u -g -w  testM.m
2025/12/27 11:17:17

## start step: CIbuild   at 12/27/2025-11:17:17
## end   step: CIbuild   at 12/27/2025-11:17:17

## start step: DataUpdate   at 12/27/2025-11:17:17
# make:  testFrm\IdentityCard\Objects\win_b64\.mkdata.mk
## end   step: DataUpdate   at 12/27/2025-11:17:17

## start step: DataUpdate   at 12/27/2025-11:17:17
# mkmk-ERROR: ObjectSpecsModeler: Directory [ObjectSpecsModeler.m*] was not found in specified workspace(s), then module [ObjectSpecsModeler] does not exist.
# mkmk-ERROR: testFrm\testM.m: Module [ObjectSpecsModeler] in LINK_WITH is ignored since its type 'invalid' is incompatible with type 'SHARED LIBRARY'.
# mkmk-ERROR: ProductStructure: Directory [ProductStructure.m*] was not found in specified workspace(s), then module [ProductStructure] does not exist.
# make:  testFrm\testM.m\Objects\win_b64\.mkdata.mk
# mkmk-ERROR: testFrm\testM.m: Module [ProductStructure] in LINK_WITH is ignored since its type 'invalid' is incompatible with type 'SHARED LIBRARY'.
## end   step: DataUpdate   at 12/27/2025-11:17:17

## start step: CIcompilation   at 12/27/2025-11:17:17
## end   step: CIcompilation   at 12/27/2025-11:17:17

## start step: headerlist   at 12/27/2025-11:17:17
## end   step: headerlist   at 12/27/2025-11:17:17

## start step: headermap   at 12/27/2025-11:17:17
## end   step: headermap   at 12/27/2025-11:17:17

## start step: fwgrammar   at 12/27/2025-11:17:17
## end   step: fwgrammar   at 12/27/2025-11:17:17

## start step: grammar1st   at 12/27/2025-11:17:17
## end   step: grammar1st   at 12/27/2025-11:17:17

## start step: headerlist   at 12/27/2025-11:17:17
## end   step: headerlist   at 12/27/2025-11:17:17

## start step: headermap   at 12/27/2025-11:17:17
## end   step: headermap   at 12/27/2025-11:17:17

## start step: grammar2nd   at 12/27/2025-11:17:17
## end   step: grammar2nd   at 12/27/2025-11:17:17

## start step: typelibgrammar   at 12/27/2025-11:17:17
## end   step: typelibgrammar   at 12/27/2025-11:17:17

## start step: headerlist   at 12/27/2025-11:17:17
## end   step: headerlist   at 12/27/2025-11:17:17

## start step: headermap   at 12/27/2025-11:17:17
## end   step: headermap   at 12/27/2025-11:17:17

## start step: headerruler   at 12/27/2025-11:17:17
## end   step: headerruler   at 12/27/2025-11:17:17

## start step: compilation   at 12/27/2025-11:17:17
## end   step: compilation   at 12/27/2025-11:17:17

## start step: sourceruler   at 12/27/2025-11:17:17
## end   step: sourceruler   at 12/27/2025-11:17:17

## start step: link1st   at 12/27/2025-11:17:17
## end   step: link1st   at 12/27/2025-11:17:17

## start step: link2nd   at 12/27/2025-11:17:17
# make: testFrm\testM.m win_b64\code\bin\testM.dll
testCmd.obj : error LNK2019: 无法解析的外部符号 "private: void __cdecl CATISpecObject_var::__CastTo(struct IUnknown *)" (?__CastTo@CATISpecObject_var@@AEAAXPEAUIUnknown@@@Z)，该符号在函数 "public: __cdecl CATISpecObject_var::CATISpecObject_var(class CATBaseUnknown *)" (??0CATISpecObject_var@@QEAA@PEAVCATBaseUnknown@@@Z) 中被引用
testCmd.obj : error LNK2019: 无法解析的外部符号 "private: void __cdecl CATIProduct_var::__CastTo(struct IUnknown *)" (?__CastTo@CATIProduct_var@@AEAAXPEAUIUnknown@@@Z)，该符号在函数 "public: __cdecl CATIProduct_var::CATIProduct_var(class CATBaseUnknown *)" (??0CATIProduct_var@@QEAA@PEAVCATBaseUnknown@@@Z) 中被引用
D:\CatiaWS\NackWsp\.\win_b64\code\bin\testM.dll : fatal error LNK1120: 2 个无法解析的外部命令
# make-ERROR: win_b64\code\bin\testM.dll
## end   step: link2nd   at 12/27/2025-11:17:17

## start step: dummynls   at 12/27/2025-11:17:17
## end   step: dummynls   at 12/27/2025-11:17:17
